{"/Users/eyalazran/dev/tights-app/src/App.tsx": {"path":"/Users/eyalazran/dev/tights-app/src/App.tsx","statementMap":{"0":{"start":{"line":29,"column":19},"end":{"line":29,"column":35}},"1":{"start":{"line":31,"column":2},"end":{"line":33,"column":17}},"2":{"start":{"line":32,"column":4},"end":{"line":32,"column":44}},"3":{"start":{"line":35,"column":37},"end":{"line":35,"column":63}},"4":{"start":{"line":36,"column":42},"end":{"line":36,"column":56}},"5":{"start":{"line":38,"column":2},"end":{"line":41,"column":20}},"6":{"start":{"line":39,"column":4},"end":{"line":39,"column":43}},"7":{"start":{"line":39,"column":36},"end":{"line":39,"column":43}},"8":{"start":{"line":40,"column":4},"end":{"line":40,"column":41}},"9":{"start":{"line":43,"column":2},"end":{"line":43,"column":36}},"10":{"start":{"line":43,"column":17},"end":{"line":43,"column":36}},"11":{"start":{"line":45,"column":2},"end":{"line":45,"column":42}},"12":{"start":{"line":45,"column":20},"end":{"line":45,"column":42}},"13":{"start":{"line":47,"column":2},"end":{"line":108,"column":4}},"14":{"start":{"line":113,"column":25},"end":{"line":123,"column":1}},"15":{"start":{"line":114,"column":2},"end":{"line":122,"column":4}}},"fnMap":{"0":{"name":"App","decl":{"start":{"line":28,"column":9},"end":{"line":28,"column":12}},"loc":{"start":{"line":28,"column":15},"end":{"line":109,"column":1}},"line":28},"1":{"name":"(anonymous_1)","decl":{"start":{"line":31,"column":12},"end":{"line":31,"column":13}},"loc":{"start":{"line":31,"column":18},"end":{"line":33,"column":3}},"line":31},"2":{"name":"(anonymous_2)","decl":{"start":{"line":38,"column":12},"end":{"line":38,"column":13}},"loc":{"start":{"line":38,"column":18},"end":{"line":41,"column":3}},"line":38},"3":{"name":"(anonymous_3)","decl":{"start":{"line":113,"column":25},"end":{"line":113,"column":26}},"loc":{"start":{"line":113,"column":43},"end":{"line":123,"column":1}},"line":113}},"branchMap":{"0":{"loc":{"start":{"line":39,"column":4},"end":{"line":39,"column":43}},"type":"if","locations":[{"start":{"line":39,"column":4},"end":{"line":39,"column":43}},{"start":{},"end":{}}],"line":39},"1":{"loc":{"start":{"line":43,"column":2},"end":{"line":43,"column":36}},"type":"if","locations":[{"start":{"line":43,"column":2},"end":{"line":43,"column":36}},{"start":{},"end":{}}],"line":43},"2":{"loc":{"start":{"line":45,"column":2},"end":{"line":45,"column":42}},"type":"if","locations":[{"start":{"line":45,"column":2},"end":{"line":45,"column":42}},{"start":{},"end":{}}],"line":45}},"s":{"0":0,"1":0,"2":0,"3":0,"4":0,"5":0,"6":0,"7":0,"8":0,"9":0,"10":0,"11":0,"12":0,"13":0,"14":0,"15":0},"f":{"0":0,"1":0,"2":0,"3":0},"b":{"0":[0,0],"1":[0,0],"2":[0,0]}}
,"/Users/eyalazran/dev/tights-app/src/index.tsx": {"path":"/Users/eyalazran/dev/tights-app/src/index.tsx","statementMap":{"0":{"start":{"line":9,"column":0},"end":{"line":9,"column":15}},"1":{"start":{"line":10,"column":20},"end":{"line":10,"column":37}},"2":{"start":{"line":12,"column":0},"end":{"line":19,"column":2}}},"fnMap":{},"branchMap":{},"s":{"0":0,"1":0,"2":0},"f":{},"b":{}}
,"/Users/eyalazran/dev/tights-app/src/di/di.ts": {"path":"/Users/eyalazran/dev/tights-app/src/di/di.ts","statementMap":{"0":{"start":{"line":8,"column":22},"end":{"line":10,"column":1}}},"fnMap":{},"branchMap":{},"s":{"0":0},"f":{},"b":{}}
,"/Users/eyalazran/dev/tights-app/src/domain/entities/Cart.ts": {"path":"/Users/eyalazran/dev/tights-app/src/domain/entities/Cart.ts","statementMap":{"0":{"start":{"line":5,"column":4},"end":{"line":5,"column":18}},"1":{"start":{"line":9,"column":4},"end":{"line":9,"column":25}},"2":{"start":{"line":13,"column":20},"end":{"line":13,"column":45}},"3":{"start":{"line":14,"column":4},"end":{"line":14,"column":60}},"4":{"start":{"line":14,"column":18},"end":{"line":14,"column":60}},"5":{"start":{"line":15,"column":4},"end":{"line":15,"column":42}},"6":{"start":{"line":19,"column":4},"end":{"line":19,"column":23}}},"fnMap":{"0":{"name":"(anonymous_0)","decl":{"start":{"line":4,"column":2},"end":{"line":4,"column":3}},"loc":{"start":{"line":4,"column":46},"end":{"line":6,"column":3}},"line":4},"1":{"name":"(anonymous_1)","decl":{"start":{"line":8,"column":2},"end":{"line":8,"column":3}},"loc":{"start":{"line":8,"column":54},"end":{"line":10,"column":3}},"line":8},"2":{"name":"(anonymous_2)","decl":{"start":{"line":12,"column":2},"end":{"line":12,"column":3}},"loc":{"start":{"line":12,"column":63},"end":{"line":16,"column":3}},"line":12},"3":{"name":"(anonymous_3)","decl":{"start":{"line":18,"column":2},"end":{"line":18,"column":3}},"loc":{"start":{"line":18,"column":21},"end":{"line":20,"column":3}},"line":18}},"branchMap":{"0":{"loc":{"start":{"line":14,"column":4},"end":{"line":14,"column":60}},"type":"if","locations":[{"start":{"line":14,"column":4},"end":{"line":14,"column":60}},{"start":{},"end":{}}],"line":14}},"s":{"0":0,"1":0,"2":0,"3":0,"4":0,"5":0,"6":0},"f":{"0":0,"1":0,"2":0,"3":0},"b":{"0":[0,0]}}
,"/Users/eyalazran/dev/tights-app/src/domain/entities/SKU.ts": {"path":"/Users/eyalazran/dev/tights-app/src/domain/entities/SKU.ts","statementMap":{"0":{"start":{"line":8,"column":4},"end":{"line":8,"column":15}},"1":{"start":{"line":12,"column":4},"end":{"line":12,"column":16}},"2":{"start":{"line":16,"column":20},"end":{"line":16,"column":42}},"3":{"start":{"line":17,"column":4},"end":{"line":17,"column":58}},"4":{"start":{"line":17,"column":18},"end":{"line":17,"column":58}},"5":{"start":{"line":18,"column":4},"end":{"line":18,"column":28}},"6":{"start":{"line":26,"column":22},"end":{"line":26,"column":50}},"7":{"start":{"line":27,"column":23},"end":{"line":27,"column":52}},"8":{"start":{"line":28,"column":24},"end":{"line":28,"column":54}},"9":{"start":{"line":29,"column":16},"end":{"line":29,"column":63}},"10":{"start":{"line":30,"column":4},"end":{"line":30,"column":28}},"11":{"start":{"line":34,"column":4},"end":{"line":34,"column":20}}},"fnMap":{"0":{"name":"(anonymous_0)","decl":{"start":{"line":7,"column":2},"end":{"line":7,"column":3}},"loc":{"start":{"line":7,"column":43},"end":{"line":9,"column":3}},"line":7},"1":{"name":"(anonymous_1)","decl":{"start":{"line":11,"column":2},"end":{"line":11,"column":3}},"loc":{"start":{"line":11,"column":51},"end":{"line":13,"column":3}},"line":11},"2":{"name":"(anonymous_2)","decl":{"start":{"line":15,"column":2},"end":{"line":15,"column":3}},"loc":{"start":{"line":15,"column":49},"end":{"line":19,"column":3}},"line":15},"3":{"name":"(anonymous_3)","decl":{"start":{"line":21,"column":2},"end":{"line":21,"column":3}},"loc":{"start":{"line":25,"column":17},"end":{"line":31,"column":3}},"line":25},"4":{"name":"(anonymous_4)","decl":{"start":{"line":33,"column":2},"end":{"line":33,"column":3}},"loc":{"start":{"line":33,"column":18},"end":{"line":35,"column":3}},"line":33}},"branchMap":{"0":{"loc":{"start":{"line":17,"column":4},"end":{"line":17,"column":58}},"type":"if","locations":[{"start":{"line":17,"column":4},"end":{"line":17,"column":58}},{"start":{},"end":{}}],"line":17}},"s":{"0":0,"1":0,"2":0,"3":0,"4":0,"5":0,"6":0,"7":0,"8":0,"9":0,"10":0,"11":0},"f":{"0":0,"1":0,"2":0,"3":0,"4":0},"b":{"0":[0,0]}}
,"/Users/eyalazran/dev/tights-app/src/domain/entities/1new/CartItemAmount/CartItemAmount.ts": {"path":"/Users/eyalazran/dev/tights-app/src/domain/entities/1new/CartItemAmount/CartItemAmount.ts","statementMap":{"0":{"start":{"line":9,"column":4},"end":{"line":9,"column":43}},"1":{"start":{"line":13,"column":4},"end":{"line":14,"column":44}},"2":{"start":{"line":14,"column":6},"end":{"line":14,"column":44}},"3":{"start":{"line":15,"column":4},"end":{"line":16,"column":66}},"4":{"start":{"line":16,"column":6},"end":{"line":16,"column":66}},"5":{"start":{"line":17,"column":4},"end":{"line":17,"column":20}},"6":{"start":{"line":23,"column":27},"end":{"line":23,"column":57}},"7":{"start":{"line":24,"column":4},"end":{"line":24,"column":69}},"8":{"start":{"line":24,"column":33},"end":{"line":24,"column":69}},"9":{"start":{"line":25,"column":4},"end":{"line":25,"column":46}},"10":{"start":{"line":29,"column":4},"end":{"line":29,"column":29}}},"fnMap":{"0":{"name":"(anonymous_0)","decl":{"start":{"line":8,"column":2},"end":{"line":8,"column":3}},"loc":{"start":{"line":8,"column":50},"end":{"line":10,"column":3}},"line":8},"1":{"name":"(anonymous_1)","decl":{"start":{"line":12,"column":2},"end":{"line":12,"column":3}},"loc":{"start":{"line":12,"column":69},"end":{"line":18,"column":3}},"line":12},"2":{"name":"(anonymous_2)","decl":{"start":{"line":20,"column":2},"end":{"line":20,"column":3}},"loc":{"start":{"line":22,"column":50},"end":{"line":26,"column":3}},"line":22},"3":{"name":"(anonymous_3)","decl":{"start":{"line":28,"column":2},"end":{"line":28,"column":3}},"loc":{"start":{"line":28,"column":21},"end":{"line":30,"column":3}},"line":28}},"branchMap":{"0":{"loc":{"start":{"line":13,"column":4},"end":{"line":14,"column":44}},"type":"if","locations":[{"start":{"line":13,"column":4},"end":{"line":14,"column":44}},{"start":{},"end":{}}],"line":13},"1":{"loc":{"start":{"line":13,"column":8},"end":{"line":13,"column":43}},"type":"binary-expr","locations":[{"start":{"line":13,"column":8},"end":{"line":13,"column":20}},{"start":{"line":13,"column":24},"end":{"line":13,"column":43}}],"line":13},"2":{"loc":{"start":{"line":15,"column":4},"end":{"line":16,"column":66}},"type":"if","locations":[{"start":{"line":15,"column":4},"end":{"line":16,"column":66}},{"start":{},"end":{}}],"line":15},"3":{"loc":{"start":{"line":24,"column":4},"end":{"line":24,"column":69}},"type":"if","locations":[{"start":{"line":24,"column":4},"end":{"line":24,"column":69}},{"start":{},"end":{}}],"line":24}},"s":{"0":0,"1":0,"2":0,"3":0,"4":0,"5":0,"6":0,"7":0,"8":0,"9":0,"10":0},"f":{"0":0,"1":0,"2":0,"3":0},"b":{"0":[0,0],"1":[0,0],"2":[0,0],"3":[0,0]}}
,"/Users/eyalazran/dev/tights-app/src/domain/entities/1new/ProductColor/ProductColor.ts": {"path":"/Users/eyalazran/dev/tights-app/src/domain/entities/1new/ProductColor/ProductColor.ts","statementMap":{"0":{"start":{"line":13,"column":4},"end":{"line":13,"column":43}},"1":{"start":{"line":17,"column":27},"end":{"line":17,"column":52}},"2":{"start":{"line":18,"column":4},"end":{"line":18,"column":69}},"3":{"start":{"line":18,"column":33},"end":{"line":18,"column":69}},"4":{"start":{"line":19,"column":4},"end":{"line":19,"column":39}},"5":{"start":{"line":23,"column":4},"end":{"line":23,"column":59}},"6":{"start":{"line":23,"column":22},"end":{"line":23,"column":59}},"7":{"start":{"line":24,"column":38},"end":{"line":26,"column":5}},"8":{"start":{"line":27,"column":37},"end":{"line":27,"column":77}},"9":{"start":{"line":28,"column":35},"end":{"line":28,"column":71}},"10":{"start":{"line":30,"column":25},"end":{"line":34,"column":6}},"11":{"start":{"line":35,"column":4},"end":{"line":35,"column":65}},"12":{"start":{"line":35,"column":31},"end":{"line":35,"column":65}},"13":{"start":{"line":36,"column":4},"end":{"line":36,"column":20}},"14":{"start":{"line":40,"column":4},"end":{"line":40,"column":57}},"15":{"start":{"line":44,"column":4},"end":{"line":44,"column":55}},"16":{"start":{"line":48,"column":4},"end":{"line":48,"column":51}},"17":{"start":{"line":52,"column":4},"end":{"line":52,"column":35}},"18":{"start":{"line":56,"column":4},"end":{"line":56,"column":34}},"19":{"start":{"line":60,"column":4},"end":{"line":60,"column":32}}},"fnMap":{"0":{"name":"(anonymous_0)","decl":{"start":{"line":12,"column":2},"end":{"line":12,"column":3}},"loc":{"start":{"line":12,"column":48},"end":{"line":14,"column":3}},"line":12},"1":{"name":"(anonymous_1)","decl":{"start":{"line":16,"column":2},"end":{"line":16,"column":3}},"loc":{"start":{"line":16,"column":72},"end":{"line":20,"column":3}},"line":16},"2":{"name":"(anonymous_2)","decl":{"start":{"line":22,"column":2},"end":{"line":22,"column":3}},"loc":{"start":{"line":22,"column":75},"end":{"line":37,"column":3}},"line":22},"3":{"name":"(anonymous_3)","decl":{"start":{"line":39,"column":2},"end":{"line":39,"column":3}},"loc":{"start":{"line":39,"column":75},"end":{"line":41,"column":3}},"line":39},"4":{"name":"(anonymous_4)","decl":{"start":{"line":43,"column":2},"end":{"line":43,"column":3}},"loc":{"start":{"line":43,"column":73},"end":{"line":45,"column":3}},"line":43},"5":{"name":"(anonymous_5)","decl":{"start":{"line":47,"column":2},"end":{"line":47,"column":3}},"loc":{"start":{"line":47,"column":69},"end":{"line":49,"column":3}},"line":47},"6":{"name":"(anonymous_6)","decl":{"start":{"line":51,"column":2},"end":{"line":51,"column":3}},"loc":{"start":{"line":51,"column":26},"end":{"line":53,"column":3}},"line":51},"7":{"name":"(anonymous_7)","decl":{"start":{"line":55,"column":2},"end":{"line":55,"column":3}},"loc":{"start":{"line":55,"column":25},"end":{"line":57,"column":3}},"line":55},"8":{"name":"(anonymous_8)","decl":{"start":{"line":59,"column":2},"end":{"line":59,"column":3}},"loc":{"start":{"line":59,"column":23},"end":{"line":61,"column":3}},"line":59}},"branchMap":{"0":{"loc":{"start":{"line":18,"column":4},"end":{"line":18,"column":69}},"type":"if","locations":[{"start":{"line":18,"column":4},"end":{"line":18,"column":69}},{"start":{},"end":{}}],"line":18},"1":{"loc":{"start":{"line":23,"column":4},"end":{"line":23,"column":59}},"type":"if","locations":[{"start":{"line":23,"column":4},"end":{"line":23,"column":59}},{"start":{},"end":{}}],"line":23},"2":{"loc":{"start":{"line":35,"column":4},"end":{"line":35,"column":65}},"type":"if","locations":[{"start":{"line":35,"column":4},"end":{"line":35,"column":65}},{"start":{},"end":{}}],"line":35}},"s":{"0":0,"1":0,"2":0,"3":0,"4":0,"5":0,"6":0,"7":0,"8":0,"9":0,"10":0,"11":0,"12":0,"13":0,"14":0,"15":0,"16":0,"17":0,"18":0,"19":0},"f":{"0":0,"1":0,"2":0,"3":0,"4":0,"5":0,"6":0,"7":0,"8":0},"b":{"0":[0,0],"1":[0,0],"2":[0,0]}}
,"/Users/eyalazran/dev/tights-app/src/domain/entities/1new/ProductLeg/ProductLeg.ts": {"path":"/Users/eyalazran/dev/tights-app/src/domain/entities/1new/ProductLeg/ProductLeg.ts","statementMap":{"0":{"start":{"line":12,"column":4},"end":{"line":12,"column":43}},"1":{"start":{"line":16,"column":25},"end":{"line":16,"column":50}},"2":{"start":{"line":17,"column":4},"end":{"line":17,"column":65}},"3":{"start":{"line":17,"column":31},"end":{"line":17,"column":65}},"4":{"start":{"line":18,"column":4},"end":{"line":18,"column":37}},"5":{"start":{"line":22,"column":32},"end":{"line":22,"column":61}},"6":{"start":{"line":24,"column":38},"end":{"line":26,"column":5}},"7":{"start":{"line":28,"column":33},"end":{"line":28,"column":65}},"8":{"start":{"line":30,"column":25},"end":{"line":34,"column":6}},"9":{"start":{"line":36,"column":4},"end":{"line":36,"column":65}},"10":{"start":{"line":36,"column":31},"end":{"line":36,"column":65}},"11":{"start":{"line":37,"column":4},"end":{"line":37,"column":20}},"12":{"start":{"line":41,"column":4},"end":{"line":41,"column":59}},"13":{"start":{"line":41,"column":22},"end":{"line":41,"column":59}},"14":{"start":{"line":42,"column":4},"end":{"line":42,"column":20}},"15":{"start":{"line":46,"column":4},"end":{"line":46,"column":57}},"16":{"start":{"line":50,"column":4},"end":{"line":50,"column":43}},"17":{"start":{"line":50,"column":27},"end":{"line":50,"column":43}},"18":{"start":{"line":51,"column":4},"end":{"line":51,"column":54}},"19":{"start":{"line":55,"column":4},"end":{"line":55,"column":30}},"20":{"start":{"line":59,"column":4},"end":{"line":59,"column":35}}},"fnMap":{"0":{"name":"(anonymous_0)","decl":{"start":{"line":11,"column":2},"end":{"line":11,"column":3}},"loc":{"start":{"line":11,"column":46},"end":{"line":13,"column":3}},"line":11},"1":{"name":"(anonymous_1)","decl":{"start":{"line":15,"column":2},"end":{"line":15,"column":3}},"loc":{"start":{"line":15,"column":67},"end":{"line":19,"column":3}},"line":15},"2":{"name":"(anonymous_2)","decl":{"start":{"line":21,"column":2},"end":{"line":21,"column":3}},"loc":{"start":{"line":21,"column":73},"end":{"line":38,"column":3}},"line":21},"3":{"name":"(anonymous_3)","decl":{"start":{"line":40,"column":2},"end":{"line":40,"column":3}},"loc":{"start":{"line":40,"column":77},"end":{"line":43,"column":3}},"line":40},"4":{"name":"(anonymous_4)","decl":{"start":{"line":45,"column":2},"end":{"line":45,"column":3}},"loc":{"start":{"line":45,"column":75},"end":{"line":47,"column":3}},"line":45},"5":{"name":"(anonymous_5)","decl":{"start":{"line":49,"column":2},"end":{"line":49,"column":3}},"loc":{"start":{"line":49,"column":66},"end":{"line":52,"column":3}},"line":49},"6":{"name":"(anonymous_6)","decl":{"start":{"line":54,"column":2},"end":{"line":54,"column":3}},"loc":{"start":{"line":54,"column":21},"end":{"line":56,"column":3}},"line":54},"7":{"name":"(anonymous_7)","decl":{"start":{"line":58,"column":2},"end":{"line":58,"column":3}},"loc":{"start":{"line":58,"column":26},"end":{"line":60,"column":3}},"line":58}},"branchMap":{"0":{"loc":{"start":{"line":17,"column":4},"end":{"line":17,"column":65}},"type":"if","locations":[{"start":{"line":17,"column":4},"end":{"line":17,"column":65}},{"start":{},"end":{}}],"line":17},"1":{"loc":{"start":{"line":36,"column":4},"end":{"line":36,"column":65}},"type":"if","locations":[{"start":{"line":36,"column":4},"end":{"line":36,"column":65}},{"start":{},"end":{}}],"line":36},"2":{"loc":{"start":{"line":41,"column":4},"end":{"line":41,"column":59}},"type":"if","locations":[{"start":{"line":41,"column":4},"end":{"line":41,"column":59}},{"start":{},"end":{}}],"line":41},"3":{"loc":{"start":{"line":50,"column":4},"end":{"line":50,"column":43}},"type":"if","locations":[{"start":{"line":50,"column":4},"end":{"line":50,"column":43}},{"start":{},"end":{}}],"line":50}},"s":{"0":0,"1":0,"2":0,"3":0,"4":0,"5":0,"6":0,"7":0,"8":0,"9":0,"10":0,"11":0,"12":0,"13":0,"14":0,"15":0,"16":0,"17":0,"18":0,"19":0,"20":0},"f":{"0":0,"1":0,"2":0,"3":0,"4":0,"5":0,"6":0,"7":0},"b":{"0":[0,0],"1":[0,0],"2":[0,0],"3":[0,0]}}
,"/Users/eyalazran/dev/tights-app/src/domain/entities/1new/ProductSize/ProductSize.ts": {"path":"/Users/eyalazran/dev/tights-app/src/domain/entities/1new/ProductSize/ProductSize.ts","statementMap":{"0":{"start":{"line":12,"column":4},"end":{"line":12,"column":43}},"1":{"start":{"line":16,"column":25},"end":{"line":16,"column":50}},"2":{"start":{"line":17,"column":4},"end":{"line":17,"column":65}},"3":{"start":{"line":17,"column":31},"end":{"line":17,"column":65}},"4":{"start":{"line":18,"column":4},"end":{"line":18,"column":38}},"5":{"start":{"line":22,"column":4},"end":{"line":22,"column":59}},"6":{"start":{"line":22,"column":22},"end":{"line":22,"column":59}},"7":{"start":{"line":23,"column":38},"end":{"line":25,"column":5}},"8":{"start":{"line":26,"column":37},"end":{"line":26,"column":79}},"9":{"start":{"line":28,"column":25},"end":{"line":31,"column":6}},"10":{"start":{"line":32,"column":4},"end":{"line":32,"column":65}},"11":{"start":{"line":32,"column":31},"end":{"line":32,"column":65}},"12":{"start":{"line":33,"column":4},"end":{"line":33,"column":20}},"13":{"start":{"line":37,"column":4},"end":{"line":37,"column":57}},"14":{"start":{"line":41,"column":4},"end":{"line":41,"column":55}},"15":{"start":{"line":45,"column":4},"end":{"line":45,"column":35}},"16":{"start":{"line":49,"column":4},"end":{"line":49,"column":35}}},"fnMap":{"0":{"name":"(anonymous_0)","decl":{"start":{"line":11,"column":2},"end":{"line":11,"column":3}},"loc":{"start":{"line":11,"column":47},"end":{"line":13,"column":3}},"line":11},"1":{"name":"(anonymous_1)","decl":{"start":{"line":15,"column":2},"end":{"line":15,"column":3}},"loc":{"start":{"line":15,"column":69},"end":{"line":19,"column":3}},"line":15},"2":{"name":"(anonymous_2)","decl":{"start":{"line":21,"column":2},"end":{"line":21,"column":3}},"loc":{"start":{"line":21,"column":74},"end":{"line":34,"column":3}},"line":21},"3":{"name":"(anonymous_3)","decl":{"start":{"line":36,"column":2},"end":{"line":36,"column":3}},"loc":{"start":{"line":36,"column":75},"end":{"line":38,"column":3}},"line":36},"4":{"name":"(anonymous_4)","decl":{"start":{"line":40,"column":2},"end":{"line":40,"column":3}},"loc":{"start":{"line":40,"column":74},"end":{"line":42,"column":3}},"line":40},"5":{"name":"(anonymous_5)","decl":{"start":{"line":44,"column":2},"end":{"line":44,"column":3}},"loc":{"start":{"line":44,"column":26},"end":{"line":46,"column":3}},"line":44},"6":{"name":"(anonymous_6)","decl":{"start":{"line":48,"column":2},"end":{"line":48,"column":3}},"loc":{"start":{"line":48,"column":26},"end":{"line":50,"column":3}},"line":48}},"branchMap":{"0":{"loc":{"start":{"line":17,"column":4},"end":{"line":17,"column":65}},"type":"if","locations":[{"start":{"line":17,"column":4},"end":{"line":17,"column":65}},{"start":{},"end":{}}],"line":17},"1":{"loc":{"start":{"line":22,"column":4},"end":{"line":22,"column":59}},"type":"if","locations":[{"start":{"line":22,"column":4},"end":{"line":22,"column":59}},{"start":{},"end":{}}],"line":22},"2":{"loc":{"start":{"line":32,"column":4},"end":{"line":32,"column":65}},"type":"if","locations":[{"start":{"line":32,"column":4},"end":{"line":32,"column":65}},{"start":{},"end":{}}],"line":32}},"s":{"0":1,"1":4,"2":4,"3":3,"4":1,"5":4,"6":1,"7":3,"8":3,"9":3,"10":3,"11":2,"12":1,"13":3,"14":3,"15":0,"16":0},"f":{"0":1,"1":4,"2":4,"3":3,"4":3,"5":0,"6":0},"b":{"0":[3,1],"1":[1,3],"2":[2,1]},"_coverageSchema":"1a1c01bbd47fc00a2c39e90264f33305004495a9","hash":"21fec12878d59d55eeda2b22b6ffbb1cfc1d5ce0"}
,"/Users/eyalazran/dev/tights-app/src/domain/entities/1new/ProductSku/ProductSku.ts": {"path":"/Users/eyalazran/dev/tights-app/src/domain/entities/1new/ProductSku/ProductSku.ts","statementMap":{"0":{"start":{"line":12,"column":4},"end":{"line":12,"column":43}},"1":{"start":{"line":16,"column":25},"end":{"line":16,"column":50}},"2":{"start":{"line":17,"column":4},"end":{"line":17,"column":65}},"3":{"start":{"line":17,"column":31},"end":{"line":17,"column":65}},"4":{"start":{"line":18,"column":4},"end":{"line":18,"column":37}},"5":{"start":{"line":22,"column":4},"end":{"line":24,"column":5}},"6":{"start":{"line":23,"column":6},"end":{"line":23,"column":41}},"7":{"start":{"line":26,"column":4},"end":{"line":28,"column":5}},"8":{"start":{"line":27,"column":6},"end":{"line":27,"column":55}},"9":{"start":{"line":30,"column":4},"end":{"line":30,"column":20}},"10":{"start":{"line":38,"column":22},"end":{"line":38,"column":50}},"11":{"start":{"line":39,"column":23},"end":{"line":39,"column":58}},"12":{"start":{"line":40,"column":24},"end":{"line":40,"column":54}},"13":{"start":{"line":41,"column":16},"end":{"line":41,"column":63}},"14":{"start":{"line":42,"column":4},"end":{"line":42,"column":32}}},"fnMap":{"0":{"name":"(anonymous_0)","decl":{"start":{"line":11,"column":2},"end":{"line":11,"column":3}},"loc":{"start":{"line":11,"column":46},"end":{"line":13,"column":3}},"line":11},"1":{"name":"(anonymous_1)","decl":{"start":{"line":15,"column":2},"end":{"line":15,"column":3}},"loc":{"start":{"line":15,"column":67},"end":{"line":19,"column":3}},"line":15},"2":{"name":"(anonymous_2)","decl":{"start":{"line":21,"column":2},"end":{"line":21,"column":3}},"loc":{"start":{"line":21,"column":73},"end":{"line":31,"column":3}},"line":21},"3":{"name":"(anonymous_3)","decl":{"start":{"line":33,"column":2},"end":{"line":33,"column":3}},"loc":{"start":{"line":37,"column":24},"end":{"line":43,"column":3}},"line":37}},"branchMap":{"0":{"loc":{"start":{"line":17,"column":4},"end":{"line":17,"column":65}},"type":"if","locations":[{"start":{"line":17,"column":4},"end":{"line":17,"column":65}},{"start":{},"end":{}}],"line":17},"1":{"loc":{"start":{"line":22,"column":4},"end":{"line":24,"column":5}},"type":"if","locations":[{"start":{"line":22,"column":4},"end":{"line":24,"column":5}},{"start":{},"end":{}}],"line":22},"2":{"loc":{"start":{"line":22,"column":8},"end":{"line":22,"column":41}},"type":"binary-expr","locations":[{"start":{"line":22,"column":8},"end":{"line":22,"column":20}},{"start":{"line":22,"column":24},"end":{"line":22,"column":41}}],"line":22},"3":{"loc":{"start":{"line":26,"column":4},"end":{"line":28,"column":5}},"type":"if","locations":[{"start":{"line":26,"column":4},"end":{"line":28,"column":5}},{"start":{},"end":{}}],"line":26}},"s":{"0":0,"1":0,"2":0,"3":0,"4":0,"5":0,"6":0,"7":0,"8":0,"9":0,"10":0,"11":0,"12":0,"13":0,"14":0},"f":{"0":0,"1":0,"2":0,"3":0},"b":{"0":[0,0],"1":[0,0],"2":[0,0],"3":[0,0]}}
,"/Users/eyalazran/dev/tights-app/src/domain/entities/cart/CartItem.ts": {"path":"/Users/eyalazran/dev/tights-app/src/domain/entities/cart/CartItem.ts","statementMap":{},"fnMap":{},"branchMap":{},"s":{},"f":{},"b":{}}
,"/Users/eyalazran/dev/tights-app/src/domain/entities/checkout/checkout.ts": {"path":"/Users/eyalazran/dev/tights-app/src/domain/entities/checkout/checkout.ts","statementMap":{},"fnMap":{},"branchMap":{},"s":{},"f":{},"b":{}}
,"/Users/eyalazran/dev/tights-app/src/domain/entities/color/Color.ts": {"path":"/Users/eyalazran/dev/tights-app/src/domain/entities/color/Color.ts","statementMap":{},"fnMap":{},"branchMap":{},"s":{},"f":{},"b":{}}
,"/Users/eyalazran/dev/tights-app/src/domain/entities/color/ColorOption.ts": {"path":"/Users/eyalazran/dev/tights-app/src/domain/entities/color/ColorOption.ts","statementMap":{},"fnMap":{},"branchMap":{},"s":{},"f":{},"b":{}}
,"/Users/eyalazran/dev/tights-app/src/domain/entities/color/colors.ts": {"path":"/Users/eyalazran/dev/tights-app/src/domain/entities/color/colors.ts","statementMap":{"0":{"start":{"line":3,"column":31},"end":{"line":54,"column":1}}},"fnMap":{},"branchMap":{},"s":{"0":0},"f":{},"b":{}}
,"/Users/eyalazran/dev/tights-app/src/domain/entities/color/selectColor.ts": {"path":"/Users/eyalazran/dev/tights-app/src/domain/entities/color/selectColor.ts","statementMap":{"0":{"start":{"line":7,"column":2},"end":{"line":7,"column":38}}},"fnMap":{"0":{"name":"selectColor","decl":{"start":{"line":6,"column":16},"end":{"line":6,"column":27}},"loc":{"start":{"line":6,"column":55},"end":{"line":8,"column":1}},"line":6}},"branchMap":{},"s":{"0":0},"f":{"0":0},"b":{}}
,"/Users/eyalazran/dev/tights-app/src/domain/entities/color/selectColors.ts": {"path":"/Users/eyalazran/dev/tights-app/src/domain/entities/color/selectColors.ts","statementMap":{"0":{"start":{"line":6,"column":2},"end":{"line":6,"column":38}}},"fnMap":{"0":{"name":"selectColors","decl":{"start":{"line":5,"column":16},"end":{"line":5,"column":28}},"loc":{"start":{"line":5,"column":66},"end":{"line":7,"column":1}},"line":5}},"branchMap":{},"s":{"0":0},"f":{"0":0},"b":{}}
,"/Users/eyalazran/dev/tights-app/src/domain/entities/denier/Denier.ts": {"path":"/Users/eyalazran/dev/tights-app/src/domain/entities/denier/Denier.ts","statementMap":{},"fnMap":{},"branchMap":{},"s":{},"f":{},"b":{}}
,"/Users/eyalazran/dev/tights-app/src/domain/entities/denier/DenierOption.ts": {"path":"/Users/eyalazran/dev/tights-app/src/domain/entities/denier/DenierOption.ts","statementMap":{},"fnMap":{},"branchMap":{},"s":{},"f":{},"b":{}}
,"/Users/eyalazran/dev/tights-app/src/domain/entities/denier/deniers.ts": {"path":"/Users/eyalazran/dev/tights-app/src/domain/entities/denier/deniers.ts","statementMap":{"0":{"start":{"line":3,"column":33},"end":{"line":20,"column":1}}},"fnMap":{},"branchMap":{},"s":{"0":0},"f":{},"b":{}}
,"/Users/eyalazran/dev/tights-app/src/domain/entities/denier/selectDenier.ts": {"path":"/Users/eyalazran/dev/tights-app/src/domain/entities/denier/selectDenier.ts","statementMap":{"0":{"start":{"line":7,"column":2},"end":{"line":7,"column":40}}},"fnMap":{"0":{"name":"selectDenier","decl":{"start":{"line":6,"column":16},"end":{"line":6,"column":28}},"loc":{"start":{"line":6,"column":59},"end":{"line":8,"column":1}},"line":6}},"branchMap":{},"s":{"0":0},"f":{"0":0},"b":{}}
,"/Users/eyalazran/dev/tights-app/src/domain/entities/discount/CountDiscount.ts": {"path":"/Users/eyalazran/dev/tights-app/src/domain/entities/discount/CountDiscount.ts","statementMap":{},"fnMap":{},"branchMap":{},"s":{},"f":{},"b":{}}
,"/Users/eyalazran/dev/tights-app/src/domain/entities/discount/Discount.ts": {"path":"/Users/eyalazran/dev/tights-app/src/domain/entities/discount/Discount.ts","statementMap":{},"fnMap":{},"branchMap":{},"s":{},"f":{},"b":{}}
,"/Users/eyalazran/dev/tights-app/src/domain/entities/discount/DiscountBase.ts": {"path":"/Users/eyalazran/dev/tights-app/src/domain/entities/discount/DiscountBase.ts","statementMap":{},"fnMap":{},"branchMap":{},"s":{},"f":{},"b":{}}
,"/Users/eyalazran/dev/tights-app/src/domain/entities/discount/DiscountField.ts": {"path":"/Users/eyalazran/dev/tights-app/src/domain/entities/discount/DiscountField.ts","statementMap":{},"fnMap":{},"branchMap":{},"s":{},"f":{},"b":{}}
,"/Users/eyalazran/dev/tights-app/src/domain/entities/discount/DiscountKind.ts": {"path":"/Users/eyalazran/dev/tights-app/src/domain/entities/discount/DiscountKind.ts","statementMap":{},"fnMap":{},"branchMap":{},"s":{},"f":{},"b":{}}
,"/Users/eyalazran/dev/tights-app/src/domain/entities/discount/NoDiscount.ts": {"path":"/Users/eyalazran/dev/tights-app/src/domain/entities/discount/NoDiscount.ts","statementMap":{},"fnMap":{},"branchMap":{},"s":{},"f":{},"b":{}}
,"/Users/eyalazran/dev/tights-app/src/domain/entities/email/email.ts": {"path":"/Users/eyalazran/dev/tights-app/src/domain/entities/email/email.ts","statementMap":{},"fnMap":{},"branchMap":{},"s":{},"f":{},"b":{}}
,"/Users/eyalazran/dev/tights-app/src/domain/entities/featuredProduct/featuredProduct.ts": {"path":"/Users/eyalazran/dev/tights-app/src/domain/entities/featuredProduct/featuredProduct.ts","statementMap":{},"fnMap":{},"branchMap":{},"s":{},"f":{},"b":{}}
,"/Users/eyalazran/dev/tights-app/src/domain/entities/image/ImageUrl.ts": {"path":"/Users/eyalazran/dev/tights-app/src/domain/entities/image/ImageUrl.ts","statementMap":{},"fnMap":{},"branchMap":{},"s":{},"f":{},"b":{}}
,"/Users/eyalazran/dev/tights-app/src/domain/entities/image/ImageUrlFn.ts": {"path":"/Users/eyalazran/dev/tights-app/src/domain/entities/image/ImageUrlFn.ts","statementMap":{},"fnMap":{},"branchMap":{},"s":{},"f":{},"b":{}}
,"/Users/eyalazran/dev/tights-app/src/domain/entities/lace/Lace.ts": {"path":"/Users/eyalazran/dev/tights-app/src/domain/entities/lace/Lace.ts","statementMap":{},"fnMap":{},"branchMap":{},"s":{},"f":{},"b":{}}
,"/Users/eyalazran/dev/tights-app/src/domain/entities/lace/LaceOption.ts": {"path":"/Users/eyalazran/dev/tights-app/src/domain/entities/lace/LaceOption.ts","statementMap":{},"fnMap":{},"branchMap":{},"s":{},"f":{},"b":{}}
,"/Users/eyalazran/dev/tights-app/src/domain/entities/lace/laces.ts": {"path":"/Users/eyalazran/dev/tights-app/src/domain/entities/lace/laces.ts","statementMap":{"0":{"start":{"line":3,"column":29},"end":{"line":12,"column":1}}},"fnMap":{},"branchMap":{},"s":{"0":0},"f":{},"b":{}}
,"/Users/eyalazran/dev/tights-app/src/domain/entities/lace/selectLace.ts": {"path":"/Users/eyalazran/dev/tights-app/src/domain/entities/lace/selectLace.ts","statementMap":{"0":{"start":{"line":7,"column":2},"end":{"line":7,"column":36}}},"fnMap":{"0":{"name":"selectLace","decl":{"start":{"line":6,"column":16},"end":{"line":6,"column":26}},"loc":{"start":{"line":6,"column":51},"end":{"line":8,"column":1}},"line":6}},"branchMap":{},"s":{"0":0},"f":{"0":0},"b":{}}
,"/Users/eyalazran/dev/tights-app/src/domain/entities/leg/Leg.ts": {"path":"/Users/eyalazran/dev/tights-app/src/domain/entities/leg/Leg.ts","statementMap":{},"fnMap":{},"branchMap":{},"s":{},"f":{},"b":{}}
,"/Users/eyalazran/dev/tights-app/src/domain/entities/leg/LegOption.ts": {"path":"/Users/eyalazran/dev/tights-app/src/domain/entities/leg/LegOption.ts","statementMap":{},"fnMap":{},"branchMap":{},"s":{},"f":{},"b":{}}
,"/Users/eyalazran/dev/tights-app/src/domain/entities/leg/legs.ts": {"path":"/Users/eyalazran/dev/tights-app/src/domain/entities/leg/legs.ts","statementMap":{"0":{"start":{"line":3,"column":27},"end":{"line":12,"column":1}}},"fnMap":{},"branchMap":{},"s":{"0":0},"f":{},"b":{}}
,"/Users/eyalazran/dev/tights-app/src/domain/entities/leg/selectLeg.ts": {"path":"/Users/eyalazran/dev/tights-app/src/domain/entities/leg/selectLeg.ts","statementMap":{"0":{"start":{"line":7,"column":2},"end":{"line":7,"column":40}}},"fnMap":{"0":{"name":"selectLeg","decl":{"start":{"line":6,"column":16},"end":{"line":6,"column":25}},"loc":{"start":{"line":6,"column":53},"end":{"line":8,"column":1}},"line":6}},"branchMap":{},"s":{"0":0},"f":{"0":0},"b":{}}
,"/Users/eyalazran/dev/tights-app/src/domain/entities/order/order.ts": {"path":"/Users/eyalazran/dev/tights-app/src/domain/entities/order/order.ts","statementMap":{"0":{"start":{"line":27,"column":42},"end":{"line":40,"column":1}},"1":{"start":{"line":42,"column":36},"end":{"line":44,"column":2}},"2":{"start":{"line":43,"column":9},"end":{"line":43,"column":32}}},"fnMap":{"0":{"name":"(anonymous_0)","decl":{"start":{"line":43,"column":2},"end":{"line":43,"column":3}},"loc":{"start":{"line":43,"column":9},"end":{"line":43,"column":32}},"line":43}},"branchMap":{},"s":{"0":0,"1":0,"2":0},"f":{"0":0},"b":{}}
,"/Users/eyalazran/dev/tights-app/src/domain/entities/orderNumber/orderNumber.ts": {"path":"/Users/eyalazran/dev/tights-app/src/domain/entities/orderNumber/orderNumber.ts","statementMap":{},"fnMap":{},"branchMap":{},"s":{},"f":{},"b":{}}
,"/Users/eyalazran/dev/tights-app/src/domain/entities/pickup/pickupLocation.ts": {"path":"/Users/eyalazran/dev/tights-app/src/domain/entities/pickup/pickupLocation.ts","statementMap":{},"fnMap":{},"branchMap":{},"s":{},"f":{},"b":{}}
,"/Users/eyalazran/dev/tights-app/src/domain/entities/price/Price.ts": {"path":"/Users/eyalazran/dev/tights-app/src/domain/entities/price/Price.ts","statementMap":{},"fnMap":{},"branchMap":{},"s":{},"f":{},"b":{}}
,"/Users/eyalazran/dev/tights-app/src/domain/entities/product/Product.ts": {"path":"/Users/eyalazran/dev/tights-app/src/domain/entities/product/Product.ts","statementMap":{},"fnMap":{},"branchMap":{},"s":{},"f":{},"b":{}}
,"/Users/eyalazran/dev/tights-app/src/domain/entities/product/ProductCommonFields.ts": {"path":"/Users/eyalazran/dev/tights-app/src/domain/entities/product/ProductCommonFields.ts","statementMap":{},"fnMap":{},"branchMap":{},"s":{},"f":{},"b":{}}
,"/Users/eyalazran/dev/tights-app/src/domain/entities/product/ProductDenierLegSize.ts": {"path":"/Users/eyalazran/dev/tights-app/src/domain/entities/product/ProductDenierLegSize.ts","statementMap":{},"fnMap":{},"branchMap":{},"s":{},"f":{},"b":{}}
,"/Users/eyalazran/dev/tights-app/src/domain/entities/product/ProductLace.ts": {"path":"/Users/eyalazran/dev/tights-app/src/domain/entities/product/ProductLace.ts","statementMap":{},"fnMap":{},"branchMap":{},"s":{},"f":{},"b":{}}
,"/Users/eyalazran/dev/tights-app/src/domain/entities/product/ProductSchema.ts": {"path":"/Users/eyalazran/dev/tights-app/src/domain/entities/product/ProductSchema.ts","statementMap":{},"fnMap":{},"branchMap":{},"s":{},"f":{},"b":{}}
,"/Users/eyalazran/dev/tights-app/src/domain/entities/product/ProductWithAmount.ts": {"path":"/Users/eyalazran/dev/tights-app/src/domain/entities/product/ProductWithAmount.ts","statementMap":{},"fnMap":{},"branchMap":{},"s":{},"f":{},"b":{}}
,"/Users/eyalazran/dev/tights-app/src/domain/entities/report/pickupHistogram.ts": {"path":"/Users/eyalazran/dev/tights-app/src/domain/entities/report/pickupHistogram.ts","statementMap":{},"fnMap":{},"branchMap":{},"s":{},"f":{},"b":{}}
,"/Users/eyalazran/dev/tights-app/src/domain/entities/report/report.ts": {"path":"/Users/eyalazran/dev/tights-app/src/domain/entities/report/report.ts","statementMap":{},"fnMap":{},"branchMap":{},"s":{},"f":{},"b":{}}
,"/Users/eyalazran/dev/tights-app/src/domain/entities/report/suppliersBom.ts": {"path":"/Users/eyalazran/dev/tights-app/src/domain/entities/report/suppliersBom.ts","statementMap":{},"fnMap":{},"branchMap":{},"s":{},"f":{},"b":{}}
,"/Users/eyalazran/dev/tights-app/src/domain/entities/sale/sale.ts": {"path":"/Users/eyalazran/dev/tights-app/src/domain/entities/sale/sale.ts","statementMap":{},"fnMap":{},"branchMap":{},"s":{},"f":{},"b":{}}
,"/Users/eyalazran/dev/tights-app/src/domain/entities/size/Size.ts": {"path":"/Users/eyalazran/dev/tights-app/src/domain/entities/size/Size.ts","statementMap":{},"fnMap":{},"branchMap":{},"s":{},"f":{},"b":{}}
,"/Users/eyalazran/dev/tights-app/src/domain/entities/size/SizeOption.ts": {"path":"/Users/eyalazran/dev/tights-app/src/domain/entities/size/SizeOption.ts","statementMap":{},"fnMap":{},"branchMap":{},"s":{},"f":{},"b":{}}
,"/Users/eyalazran/dev/tights-app/src/domain/entities/size/selectSize.ts": {"path":"/Users/eyalazran/dev/tights-app/src/domain/entities/size/selectSize.ts","statementMap":{"0":{"start":{"line":7,"column":2},"end":{"line":7,"column":36}}},"fnMap":{"0":{"name":"selectSize","decl":{"start":{"line":6,"column":16},"end":{"line":6,"column":26}},"loc":{"start":{"line":6,"column":51},"end":{"line":8,"column":1}},"line":6}},"branchMap":{},"s":{"0":0},"f":{"0":0},"b":{}}
,"/Users/eyalazran/dev/tights-app/src/domain/entities/size/sizes.ts": {"path":"/Users/eyalazran/dev/tights-app/src/domain/entities/size/sizes.ts","statementMap":{"0":{"start":{"line":3,"column":29},"end":{"line":36,"column":1}}},"fnMap":{},"branchMap":{},"s":{"0":0},"f":{},"b":{}}
,"/Users/eyalazran/dev/tights-app/src/domain/entities/sku/skuByDenierLegSize.ts": {"path":"/Users/eyalazran/dev/tights-app/src/domain/entities/sku/skuByDenierLegSize.ts","statementMap":{"0":{"start":{"line":15,"column":2},"end":{"line":15,"column":118}}},"fnMap":{"0":{"name":"skuByDenierLegSize","decl":{"start":{"line":8,"column":16},"end":{"line":8,"column":34}},"loc":{"start":{"line":14,"column":3},"end":{"line":16,"column":1}},"line":14}},"branchMap":{},"s":{"0":0},"f":{"0":0},"b":{}}
,"/Users/eyalazran/dev/tights-app/src/domain/entities/sku/skuByLace.ts": {"path":"/Users/eyalazran/dev/tights-app/src/domain/entities/sku/skuByLace.ts","statementMap":{"0":{"start":{"line":11,"column":2},"end":{"line":11,"column":80}}},"fnMap":{"0":{"name":"skuByLace","decl":{"start":{"line":6,"column":16},"end":{"line":6,"column":25}},"loc":{"start":{"line":10,"column":3},"end":{"line":12,"column":1}},"line":10}},"branchMap":{},"s":{"0":0},"f":{"0":0},"b":{}}
,"/Users/eyalazran/dev/tights-app/src/domain/entities/supplier/Supplier.ts": {"path":"/Users/eyalazran/dev/tights-app/src/domain/entities/supplier/Supplier.ts","statementMap":{},"fnMap":{},"branchMap":{},"s":{},"f":{},"b":{}}
,"/Users/eyalazran/dev/tights-app/src/domain/repository-interface/ordersRepository.ts": {"path":"/Users/eyalazran/dev/tights-app/src/domain/repository-interface/ordersRepository.ts","statementMap":{},"fnMap":{},"branchMap":{},"s":{},"f":{},"b":{}}
,"/Users/eyalazran/dev/tights-app/src/features/CancelOrder/CancelOrderPage.tsx": {"path":"/Users/eyalazran/dev/tights-app/src/features/CancelOrder/CancelOrderPage.tsx","statementMap":{"0":{"start":{"line":10,"column":30},"end":{"line":67,"column":1}},"1":{"start":{"line":11,"column":26},"end":{"line":11,"column":62}},"2":{"start":{"line":13,"column":56},"end":{"line":13,"column":70}},"3":{"start":{"line":15,"column":49},"end":{"line":23,"column":4}},"4":{"start":{"line":17,"column":19},"end":{"line":17,"column":67}},"5":{"start":{"line":19,"column":6},"end":{"line":21,"column":7}},"6":{"start":{"line":20,"column":8},"end":{"line":20,"column":38}},"7":{"start":{"line":25,"column":51},"end":{"line":38,"column":4}},"8":{"start":{"line":27,"column":6},"end":{"line":27,"column":64}},"9":{"start":{"line":28,"column":6},"end":{"line":28,"column":36}},"10":{"start":{"line":32,"column":6},"end":{"line":36,"column":7}},"11":{"start":{"line":33,"column":8},"end":{"line":33,"column":38}},"12":{"start":{"line":35,"column":8},"end":{"line":35,"column":24}},"13":{"start":{"line":40,"column":18},"end":{"line":40,"column":30}},"14":{"start":{"line":42,"column":2},"end":{"line":44,"column":3}},"15":{"start":{"line":43,"column":4},"end":{"line":43,"column":30}},"16":{"start":{"line":46,"column":2},"end":{"line":66,"column":4}},"17":{"start":{"line":71,"column":16},"end":{"line":99,"column":1}}},"fnMap":{"0":{"name":"(anonymous_0)","decl":{"start":{"line":10,"column":30},"end":{"line":10,"column":31}},"loc":{"start":{"line":10,"column":36},"end":{"line":67,"column":1}},"line":10},"1":{"name":"(anonymous_1)","decl":{"start":{"line":17,"column":13},"end":{"line":17,"column":14}},"loc":{"start":{"line":17,"column":19},"end":{"line":17,"column":67}},"line":17},"2":{"name":"(anonymous_2)","decl":{"start":{"line":18,"column":13},"end":{"line":18,"column":14}},"loc":{"start":{"line":18,"column":24},"end":{"line":22,"column":5}},"line":18},"3":{"name":"(anonymous_3)","decl":{"start":{"line":26,"column":16},"end":{"line":26,"column":17}},"loc":{"start":{"line":26,"column":28},"end":{"line":29,"column":5}},"line":26},"4":{"name":"(anonymous_4)","decl":{"start":{"line":31,"column":15},"end":{"line":31,"column":16}},"loc":{"start":{"line":31,"column":38},"end":{"line":37,"column":5}},"line":31}},"branchMap":{"0":{"loc":{"start":{"line":19,"column":6},"end":{"line":21,"column":7}},"type":"if","locations":[{"start":{"line":19,"column":6},"end":{"line":21,"column":7}},{"start":{},"end":{}}],"line":19},"1":{"loc":{"start":{"line":32,"column":6},"end":{"line":36,"column":7}},"type":"if","locations":[{"start":{"line":32,"column":6},"end":{"line":36,"column":7}},{"start":{"line":34,"column":13},"end":{"line":36,"column":7}}],"line":32},"2":{"loc":{"start":{"line":42,"column":2},"end":{"line":44,"column":3}},"type":"if","locations":[{"start":{"line":42,"column":2},"end":{"line":44,"column":3}},{"start":{},"end":{}}],"line":42},"3":{"loc":{"start":{"line":50,"column":9},"end":{"line":63,"column":9}},"type":"cond-expr","locations":[{"start":{"line":51,"column":10},"end":{"line":51,"column":21}},{"start":{"line":52,"column":12},"end":{"line":63,"column":9}}],"line":50},"4":{"loc":{"start":{"line":50,"column":9},"end":{"line":50,"column":44}},"type":"binary-expr","locations":[{"start":{"line":50,"column":9},"end":{"line":50,"column":23}},{"start":{"line":50,"column":27},"end":{"line":50,"column":44}}],"line":50},"5":{"loc":{"start":{"line":52,"column":12},"end":{"line":63,"column":9}},"type":"cond-expr","locations":[{"start":{"line":53,"column":10},"end":{"line":53,"column":46}},{"start":{"line":55,"column":10},"end":{"line":62,"column":13}}],"line":52}},"s":{"0":0,"1":0,"2":0,"3":0,"4":0,"5":0,"6":0,"7":0,"8":0,"9":0,"10":0,"11":0,"12":0,"13":0,"14":0,"15":0,"16":0,"17":0},"f":{"0":0,"1":0,"2":0,"3":0,"4":0},"b":{"0":[0,0],"1":[0,0],"2":[0,0],"3":[0,0],"4":[0,0],"5":[0,0]}}
,"/Users/eyalazran/dev/tights-app/src/features/CancelOrder/hooks/useOrderByOrderName.ts": {"path":"/Users/eyalazran/dev/tights-app/src/features/CancelOrder/hooks/useOrderByOrderName.ts","statementMap":{"0":{"start":{"line":7,"column":56},"end":{"line":7,"column":70}},"1":{"start":{"line":9,"column":49},"end":{"line":17,"column":4}},"2":{"start":{"line":11,"column":19},"end":{"line":11,"column":63}},"3":{"start":{"line":13,"column":6},"end":{"line":15,"column":7}},"4":{"start":{"line":14,"column":8},"end":{"line":14,"column":38}}},"fnMap":{"0":{"name":"useOrderByOrderName","decl":{"start":{"line":6,"column":16},"end":{"line":6,"column":35}},"loc":{"start":{"line":6,"column":57},"end":{"line":18,"column":1}},"line":6},"1":{"name":"(anonymous_1)","decl":{"start":{"line":11,"column":13},"end":{"line":11,"column":14}},"loc":{"start":{"line":11,"column":19},"end":{"line":11,"column":63}},"line":11},"2":{"name":"(anonymous_2)","decl":{"start":{"line":12,"column":13},"end":{"line":12,"column":14}},"loc":{"start":{"line":12,"column":24},"end":{"line":16,"column":5}},"line":12}},"branchMap":{"0":{"loc":{"start":{"line":13,"column":6},"end":{"line":15,"column":7}},"type":"if","locations":[{"start":{"line":13,"column":6},"end":{"line":15,"column":7}},{"start":{},"end":{}}],"line":13}},"s":{"0":0,"1":0,"2":0,"3":0,"4":0},"f":{"0":0,"1":0,"2":0},"b":{"0":[0,0]}}
,"/Users/eyalazran/dev/tights-app/src/features/Cart/components/AddToCart.tsx": {"path":"/Users/eyalazran/dev/tights-app/src/features/Cart/components/AddToCart.tsx","statementMap":{"0":{"start":{"line":11,"column":44},"end":{"line":22,"column":1}},"1":{"start":{"line":12,"column":19},"end":{"line":12,"column":35}},"2":{"start":{"line":13,"column":2},"end":{"line":21,"column":4}},"3":{"start":{"line":18,"column":8},"end":{"line":18,"column":56}}},"fnMap":{"0":{"name":"(anonymous_0)","decl":{"start":{"line":11,"column":44},"end":{"line":11,"column":45}},"loc":{"start":{"line":11,"column":55},"end":{"line":22,"column":1}},"line":11},"1":{"name":"(anonymous_1)","decl":{"start":{"line":17,"column":15},"end":{"line":17,"column":16}},"loc":{"start":{"line":17,"column":21},"end":{"line":19,"column":7}},"line":17}},"branchMap":{},"s":{"0":0,"1":0,"2":0,"3":0},"f":{"0":0,"1":0},"b":{}}
,"/Users/eyalazran/dev/tights-app/src/features/Cart/components/CartColumns.tsx": {"path":"/Users/eyalazran/dev/tights-app/src/features/Cart/components/CartColumns.tsx","statementMap":{"0":{"start":{"line":4,"column":30},"end":{"line":13,"column":1}},"1":{"start":{"line":5,"column":2},"end":{"line":12,"column":4}},"2":{"start":{"line":15,"column":16},"end":{"line":19,"column":1}}},"fnMap":{"0":{"name":"(anonymous_0)","decl":{"start":{"line":4,"column":30},"end":{"line":4,"column":31}},"loc":{"start":{"line":4,"column":36},"end":{"line":13,"column":1}},"line":4}},"branchMap":{},"s":{"0":0,"1":0,"2":0},"f":{"0":0},"b":{}}
,"/Users/eyalazran/dev/tights-app/src/features/Cart/components/CartContent-original.tsx": {"path":"/Users/eyalazran/dev/tights-app/src/features/Cart/components/CartContent-original.tsx","statementMap":{"0":{"start":{"line":21,"column":49},"end":{"line":124,"column":1}},"1":{"start":{"line":22,"column":19},"end":{"line":22,"column":35}},"2":{"start":{"line":24,"column":33},"end":{"line":24,"column":77}},"3":{"start":{"line":26,"column":20},"end":{"line":26,"column":55}},"4":{"start":{"line":27,"column":33},"end":{"line":29,"column":3}},"5":{"start":{"line":31,"column":18},"end":{"line":31,"column":30}},"6":{"start":{"line":33,"column":2},"end":{"line":123,"column":4}},"7":{"start":{"line":39,"column":25},"end":{"line":39,"column":42}},"8":{"start":{"line":44,"column":25},"end":{"line":44,"column":54}},"9":{"start":{"line":67,"column":12},"end":{"line":103,"column":14}},"10":{"start":{"line":80,"column":22},"end":{"line":80,"column":81}},"11":{"start":{"line":83,"column":22},"end":{"line":84,"column":84}},"12":{"start":{"line":84,"column":24},"end":{"line":84,"column":84}},"13":{"start":{"line":97,"column":33},"end":{"line":97,"column":79}},"14":{"start":{"line":118,"column":12},"end":{"line":118,"column":38}},"15":{"start":{"line":126,"column":16},"end":{"line":218,"column":1}}},"fnMap":{"0":{"name":"(anonymous_0)","decl":{"start":{"line":21,"column":49},"end":{"line":21,"column":50}},"loc":{"start":{"line":21,"column":60},"end":{"line":124,"column":1}},"line":21},"1":{"name":"(anonymous_1)","decl":{"start":{"line":39,"column":19},"end":{"line":39,"column":20}},"loc":{"start":{"line":39,"column":25},"end":{"line":39,"column":42}},"line":39},"2":{"name":"(anonymous_2)","decl":{"start":{"line":44,"column":19},"end":{"line":44,"column":20}},"loc":{"start":{"line":44,"column":25},"end":{"line":44,"column":54}},"line":44},"3":{"name":"(anonymous_3)","decl":{"start":{"line":66,"column":37},"end":{"line":66,"column":38}},"loc":{"start":{"line":66,"column":51},"end":{"line":104,"column":11}},"line":66},"4":{"name":"(anonymous_4)","decl":{"start":{"line":79,"column":30},"end":{"line":79,"column":31}},"loc":{"start":{"line":80,"column":22},"end":{"line":80,"column":81}},"line":80},"5":{"name":"(anonymous_5)","decl":{"start":{"line":82,"column":30},"end":{"line":82,"column":31}},"loc":{"start":{"line":82,"column":36},"end":{"line":85,"column":21}},"line":82},"6":{"name":"(anonymous_6)","decl":{"start":{"line":97,"column":27},"end":{"line":97,"column":28}},"loc":{"start":{"line":97,"column":33},"end":{"line":97,"column":79}},"line":97},"7":{"name":"(anonymous_7)","decl":{"start":{"line":117,"column":19},"end":{"line":117,"column":20}},"loc":{"start":{"line":117,"column":25},"end":{"line":119,"column":11}},"line":117}},"branchMap":{"0":{"loc":{"start":{"line":65,"column":9},"end":{"line":104,"column":12}},"type":"binary-expr","locations":[{"start":{"line":65,"column":9},"end":{"line":65,"column":42}},{"start":{"line":66,"column":10},"end":{"line":104,"column":12}}],"line":65},"1":{"loc":{"start":{"line":83,"column":22},"end":{"line":84,"column":84}},"type":"if","locations":[{"start":{"line":83,"column":22},"end":{"line":84,"column":84}},{"start":{},"end":{}}],"line":83}},"s":{"0":0,"1":0,"2":0,"3":0,"4":0,"5":0,"6":0,"7":0,"8":0,"9":0,"10":0,"11":0,"12":0,"13":0,"14":0,"15":0},"f":{"0":0,"1":0,"2":0,"3":0,"4":0,"5":0,"6":0,"7":0},"b":{"0":[0,0],"1":[0,0]}}
,"/Users/eyalazran/dev/tights-app/src/features/Cart/components/CartContent.tsx": {"path":"/Users/eyalazran/dev/tights-app/src/features/Cart/components/CartContent.tsx","statementMap":{"0":{"start":{"line":25,"column":48},"end":{"line":150,"column":1}},"1":{"start":{"line":26,"column":20},"end":{"line":26,"column":44}},"2":{"start":{"line":27,"column":18},"end":{"line":27,"column":30}},"3":{"start":{"line":29,"column":2},"end":{"line":149,"column":4}},"4":{"start":{"line":36,"column":27},"end":{"line":36,"column":44}},"5":{"start":{"line":84,"column":16},"end":{"line":125,"column":18}},"6":{"start":{"line":97,"column":42},"end":{"line":97,"column":76}},"7":{"start":{"line":99,"column":28},"end":{"line":100,"column":65}},"8":{"start":{"line":100,"column":30},"end":{"line":100,"column":65}},"9":{"start":{"line":117,"column":41},"end":{"line":117,"column":71}},"10":{"start":{"line":152,"column":16},"end":{"line":244,"column":1}}},"fnMap":{"0":{"name":"(anonymous_0)","decl":{"start":{"line":25,"column":48},"end":{"line":25,"column":49}},"loc":{"start":{"line":25,"column":59},"end":{"line":150,"column":1}},"line":25},"1":{"name":"(anonymous_1)","decl":{"start":{"line":36,"column":21},"end":{"line":36,"column":22}},"loc":{"start":{"line":36,"column":27},"end":{"line":36,"column":44}},"line":36},"2":{"name":"(anonymous_2)","decl":{"start":{"line":83,"column":47},"end":{"line":83,"column":48}},"loc":{"start":{"line":83,"column":61},"end":{"line":126,"column":15}},"line":83},"3":{"name":"(anonymous_3)","decl":{"start":{"line":97,"column":36},"end":{"line":97,"column":37}},"loc":{"start":{"line":97,"column":42},"end":{"line":97,"column":76}},"line":97},"4":{"name":"(anonymous_4)","decl":{"start":{"line":98,"column":36},"end":{"line":98,"column":37}},"loc":{"start":{"line":98,"column":42},"end":{"line":101,"column":27}},"line":98},"5":{"name":"(anonymous_5)","decl":{"start":{"line":117,"column":35},"end":{"line":117,"column":36}},"loc":{"start":{"line":117,"column":41},"end":{"line":117,"column":71}},"line":117}},"branchMap":{"0":{"loc":{"start":{"line":26,"column":20},"end":{"line":26,"column":44}},"type":"binary-expr","locations":[{"start":{"line":26,"column":20},"end":{"line":26,"column":36}},{"start":{"line":26,"column":40},"end":{"line":26,"column":44}}],"line":26},"1":{"loc":{"start":{"line":31,"column":7},"end":{"line":44,"column":7}},"type":"binary-expr","locations":[{"start":{"line":31,"column":7},"end":{"line":31,"column":16}},{"start":{"line":32,"column":8},"end":{"line":43,"column":14}}],"line":31},"2":{"loc":{"start":{"line":73,"column":15},"end":{"line":77,"column":15}},"type":"binary-expr","locations":[{"start":{"line":73,"column":15},"end":{"line":73,"column":24}},{"start":{"line":74,"column":16},"end":{"line":76,"column":21}}],"line":73},"3":{"loc":{"start":{"line":82,"column":13},"end":{"line":126,"column":16}},"type":"binary-expr","locations":[{"start":{"line":82,"column":13},"end":{"line":82,"column":52}},{"start":{"line":83,"column":14},"end":{"line":126,"column":16}}],"line":82},"4":{"loc":{"start":{"line":99,"column":28},"end":{"line":100,"column":65}},"type":"if","locations":[{"start":{"line":99,"column":28},"end":{"line":100,"column":65}},{"start":{},"end":{}}],"line":99},"5":{"loc":{"start":{"line":113,"column":21},"end":{"line":123,"column":21}},"type":"binary-expr","locations":[{"start":{"line":113,"column":21},"end":{"line":113,"column":30}},{"start":{"line":114,"column":22},"end":{"line":122,"column":27}}],"line":113},"6":{"loc":{"start":{"line":144,"column":16},"end":{"line":144,"column":57}},"type":"cond-expr","locations":[{"start":{"line":144,"column":28},"end":{"line":144,"column":41}},{"start":{"line":144,"column":44},"end":{"line":144,"column":57}}],"line":144}},"s":{"0":0,"1":0,"2":0,"3":0,"4":0,"5":0,"6":0,"7":0,"8":0,"9":0,"10":0},"f":{"0":0,"1":0,"2":0,"3":0,"4":0,"5":0},"b":{"0":[0,0],"1":[0,0],"2":[0,0],"3":[0,0],"4":[0,0],"5":[0,0],"6":[0,0]}}
,"/Users/eyalazran/dev/tights-app/src/features/Cart/components/CartItemDescription.tsx": {"path":"/Users/eyalazran/dev/tights-app/src/features/Cart/components/CartItemDescription.tsx","statementMap":{"0":{"start":{"line":19,"column":64},"end":{"line":50,"column":1}},"1":{"start":{"line":20,"column":18},"end":{"line":20,"column":23}},"2":{"start":{"line":22,"column":18},"end":{"line":22,"column":57}},"3":{"start":{"line":24,"column":2},"end":{"line":24,"column":43}},"4":{"start":{"line":24,"column":22},"end":{"line":24,"column":43}},"5":{"start":{"line":26,"column":2},"end":{"line":36,"column":3}},"6":{"start":{"line":27,"column":4},"end":{"line":35,"column":6}},"7":{"start":{"line":38,"column":2},"end":{"line":47,"column":3}},"8":{"start":{"line":39,"column":4},"end":{"line":46,"column":6}},"9":{"start":{"line":49,"column":2},"end":{"line":49,"column":23}},"10":{"start":{"line":52,"column":16},"end":{"line":58,"column":1}}},"fnMap":{"0":{"name":"(anonymous_0)","decl":{"start":{"line":19,"column":64},"end":{"line":19,"column":65}},"loc":{"start":{"line":19,"column":75},"end":{"line":50,"column":1}},"line":19}},"branchMap":{"0":{"loc":{"start":{"line":24,"column":2},"end":{"line":24,"column":43}},"type":"if","locations":[{"start":{"line":24,"column":2},"end":{"line":24,"column":43}},{"start":{},"end":{}}],"line":24},"1":{"loc":{"start":{"line":26,"column":2},"end":{"line":36,"column":3}},"type":"if","locations":[{"start":{"line":26,"column":2},"end":{"line":36,"column":3}},{"start":{},"end":{}}],"line":26},"2":{"loc":{"start":{"line":38,"column":2},"end":{"line":47,"column":3}},"type":"if","locations":[{"start":{"line":38,"column":2},"end":{"line":47,"column":3}},{"start":{},"end":{}}],"line":38}},"s":{"0":0,"1":0,"2":0,"3":0,"4":0,"5":0,"6":0,"7":0,"8":0,"9":0,"10":0},"f":{"0":0},"b":{"0":[0,0],"1":[0,0],"2":[0,0]}}
,"/Users/eyalazran/dev/tights-app/src/features/Cart/components/CartPage.tsx": {"path":"/Users/eyalazran/dev/tights-app/src/features/Cart/components/CartPage.tsx","statementMap":{"0":{"start":{"line":16,"column":27},"end":{"line":52,"column":1}},"1":{"start":{"line":17,"column":21},"end":{"line":17,"column":60}},"2":{"start":{"line":18,"column":22},"end":{"line":18,"column":38}},"3":{"start":{"line":19,"column":18},"end":{"line":19,"column":30}},"4":{"start":{"line":20,"column":19},"end":{"line":20,"column":35}},"5":{"start":{"line":22,"column":33},"end":{"line":22,"column":77}},"6":{"start":{"line":24,"column":20},"end":{"line":24,"column":55}},"7":{"start":{"line":25,"column":33},"end":{"line":27,"column":3}},"8":{"start":{"line":29,"column":2},"end":{"line":51,"column":4}},"9":{"start":{"line":38,"column":27},"end":{"line":38,"column":56}},"10":{"start":{"line":40,"column":12},"end":{"line":40,"column":57}},"11":{"start":{"line":43,"column":12},"end":{"line":43,"column":57}},"12":{"start":{"line":45,"column":39},"end":{"line":45,"column":76}},"13":{"start":{"line":46,"column":37},"end":{"line":46,"column":62}},"14":{"start":{"line":54,"column":16},"end":{"line":66,"column":1}}},"fnMap":{"0":{"name":"(anonymous_0)","decl":{"start":{"line":16,"column":27},"end":{"line":16,"column":28}},"loc":{"start":{"line":16,"column":33},"end":{"line":52,"column":1}},"line":16},"1":{"name":"(anonymous_1)","decl":{"start":{"line":38,"column":21},"end":{"line":38,"column":22}},"loc":{"start":{"line":38,"column":27},"end":{"line":38,"column":56}},"line":38},"2":{"name":"(anonymous_2)","decl":{"start":{"line":39,"column":26},"end":{"line":39,"column":27}},"loc":{"start":{"line":40,"column":12},"end":{"line":40,"column":57}},"line":40},"3":{"name":"(anonymous_3)","decl":{"start":{"line":42,"column":26},"end":{"line":42,"column":27}},"loc":{"start":{"line":43,"column":12},"end":{"line":43,"column":57}},"line":43},"4":{"name":"(anonymous_4)","decl":{"start":{"line":45,"column":22},"end":{"line":45,"column":23}},"loc":{"start":{"line":45,"column":39},"end":{"line":45,"column":76}},"line":45},"5":{"name":"(anonymous_5)","decl":{"start":{"line":46,"column":31},"end":{"line":46,"column":32}},"loc":{"start":{"line":46,"column":37},"end":{"line":46,"column":62}},"line":46}},"branchMap":{"0":{"loc":{"start":{"line":32,"column":7},"end":{"line":32,"column":55}},"type":"binary-expr","locations":[{"start":{"line":32,"column":7},"end":{"line":32,"column":18}},{"start":{"line":32,"column":22},"end":{"line":32,"column":55}}],"line":32},"1":{"loc":{"start":{"line":33,"column":7},"end":{"line":49,"column":7}},"type":"binary-expr","locations":[{"start":{"line":33,"column":7},"end":{"line":33,"column":19}},{"start":{"line":34,"column":8},"end":{"line":48,"column":10}}],"line":33}},"s":{"0":0,"1":0,"2":0,"3":0,"4":0,"5":0,"6":0,"7":0,"8":0,"9":0,"10":0,"11":0,"12":0,"13":0,"14":0},"f":{"0":0,"1":0,"2":0,"3":0,"4":0,"5":0},"b":{"0":[0,0],"1":[0,0]}}
,"/Users/eyalazran/dev/tights-app/src/features/Cart/components/CartWithBadge.tsx": {"path":"/Users/eyalazran/dev/tights-app/src/features/Cart/components/CartWithBadge.tsx","statementMap":{"0":{"start":{"line":11,"column":51},"end":{"line":28,"column":1}},"1":{"start":{"line":12,"column":19},"end":{"line":12,"column":35}},"2":{"start":{"line":13,"column":21},"end":{"line":13,"column":60}},"3":{"start":{"line":14,"column":18},"end":{"line":14,"column":30}},"4":{"start":{"line":16,"column":2},"end":{"line":27,"column":4}},"5":{"start":{"line":20,"column":8},"end":{"line":20,"column":48}},"6":{"start":{"line":21,"column":8},"end":{"line":21,"column":30}},"7":{"start":{"line":30,"column":16},"end":{"line":51,"column":1}}},"fnMap":{"0":{"name":"(anonymous_0)","decl":{"start":{"line":11,"column":51},"end":{"line":11,"column":52}},"loc":{"start":{"line":11,"column":62},"end":{"line":28,"column":1}},"line":11},"1":{"name":"(anonymous_1)","decl":{"start":{"line":19,"column":15},"end":{"line":19,"column":16}},"loc":{"start":{"line":19,"column":21},"end":{"line":22,"column":7}},"line":19}},"branchMap":{},"s":{"0":0,"1":0,"2":0,"3":0,"4":0,"5":0,"6":0,"7":0},"f":{"0":0,"1":0},"b":{}}
,"/Users/eyalazran/dev/tights-app/src/features/Cart/components/EmptyCart.tsx": {"path":"/Users/eyalazran/dev/tights-app/src/features/Cart/components/EmptyCart.tsx","statementMap":{"0":{"start":{"line":9,"column":44},"end":{"line":23,"column":1}},"1":{"start":{"line":10,"column":18},"end":{"line":10,"column":30}},"2":{"start":{"line":12,"column":2},"end":{"line":22,"column":4}},"3":{"start":{"line":18,"column":10},"end":{"line":18,"column":28}},"4":{"start":{"line":25,"column":16},"end":{"line":31,"column":1}}},"fnMap":{"0":{"name":"(anonymous_0)","decl":{"start":{"line":9,"column":44},"end":{"line":9,"column":45}},"loc":{"start":{"line":9,"column":55},"end":{"line":23,"column":1}},"line":9},"1":{"name":"(anonymous_1)","decl":{"start":{"line":17,"column":17},"end":{"line":17,"column":18}},"loc":{"start":{"line":17,"column":23},"end":{"line":19,"column":9}},"line":17}},"branchMap":{},"s":{"0":0,"1":0,"2":0,"3":0,"4":0},"f":{"0":0,"1":0},"b":{}}
,"/Users/eyalazran/dev/tights-app/src/features/Cart/store/cartSlice.ts": {"path":"/Users/eyalazran/dev/tights-app/src/features/Cart/store/cartSlice.ts","statementMap":{"0":{"start":{"line":17,"column":32},"end":{"line":19,"column":1}},"1":{"start":{"line":21,"column":25},"end":{"line":97,"column":2}},"2":{"start":{"line":26,"column":6},"end":{"line":28,"column":8}},"3":{"start":{"line":27,"column":8},"end":{"line":27,"column":44}},"4":{"start":{"line":31,"column":6},"end":{"line":31,"column":26}},"5":{"start":{"line":39,"column":22},"end":{"line":39,"column":36}},"6":{"start":{"line":41,"column":6},"end":{"line":44,"column":7}},"7":{"start":{"line":42,"column":8},"end":{"line":42,"column":71}},"8":{"start":{"line":43,"column":8},"end":{"line":43,"column":21}},"9":{"start":{"line":45,"column":24},"end":{"line":45,"column":44}},"10":{"start":{"line":47,"column":6},"end":{"line":49,"column":7}},"11":{"start":{"line":48,"column":8},"end":{"line":48,"column":21}},"12":{"start":{"line":51,"column":6},"end":{"line":54,"column":9}},"13":{"start":{"line":63,"column":22},"end":{"line":63,"column":36}},"14":{"start":{"line":65,"column":6},"end":{"line":68,"column":7}},"15":{"start":{"line":66,"column":8},"end":{"line":66,"column":71}},"16":{"start":{"line":67,"column":8},"end":{"line":67,"column":21}},"17":{"start":{"line":69,"column":24},"end":{"line":69,"column":44}},"18":{"start":{"line":71,"column":6},"end":{"line":73,"column":7}},"19":{"start":{"line":72,"column":8},"end":{"line":72,"column":21}},"20":{"start":{"line":75,"column":6},"end":{"line":78,"column":9}},"21":{"start":{"line":81,"column":18},"end":{"line":81,"column":32}},"22":{"start":{"line":83,"column":6},"end":{"line":86,"column":7}},"23":{"start":{"line":84,"column":8},"end":{"line":84,"column":67}},"24":{"start":{"line":85,"column":8},"end":{"line":85,"column":21}},"25":{"start":{"line":88,"column":24},"end":{"line":88,"column":44}},"26":{"start":{"line":90,"column":6},"end":{"line":92,"column":7}},"27":{"start":{"line":91,"column":8},"end":{"line":91,"column":21}},"28":{"start":{"line":94,"column":6},"end":{"line":94,"column":30}},"29":{"start":{"line":99,"column":27},"end":{"line":99,"column":44}},"30":{"start":{"line":101,"column":26},"end":{"line":101,"column":58}},"31":{"start":{"line":101,"column":48},"end":{"line":101,"column":58}},"32":{"start":{"line":103,"column":34},"end":{"line":106,"column":1}},"33":{"start":{"line":105,"column":12},"end":{"line":105,"column":22}},"34":{"start":{"line":108,"column":36},"end":{"line":111,"column":1}},"35":{"start":{"line":110,"column":12},"end":{"line":110,"column":27}},"36":{"start":{"line":113,"column":36},"end":{"line":115,"column":1}},"37":{"start":{"line":114,"column":2},"end":{"line":114,"column":26}},"38":{"start":{"line":117,"column":34},"end":{"line":122,"column":1}},"39":{"start":{"line":121,"column":4},"end":{"line":121,"column":60}},"40":{"start":{"line":121,"column":32},"end":{"line":121,"column":59}},"41":{"start":{"line":124,"column":44},"end":{"line":136,"column":1}},"42":{"start":{"line":128,"column":4},"end":{"line":134,"column":6}},"43":{"start":{"line":130,"column":9},"end":{"line":133,"column":30}},"44":{"start":{"line":138,"column":42},"end":{"line":141,"column":1}},"45":{"start":{"line":140,"column":13},"end":{"line":140,"column":64}},"46":{"start":{"line":140,"column":42},"end":{"line":140,"column":60}},"47":{"start":{"line":143,"column":35},"end":{"line":154,"column":1}},"48":{"start":{"line":147,"column":22},"end":{"line":151,"column":9}},"49":{"start":{"line":148,"column":29},"end":{"line":148,"column":78}},"50":{"start":{"line":148,"column":59},"end":{"line":148,"column":77}},"51":{"start":{"line":149,"column":6},"end":{"line":149,"column":45}},"52":{"start":{"line":149,"column":33},"end":{"line":149,"column":45}},"53":{"start":{"line":150,"column":6},"end":{"line":150,"column":55}},"54":{"start":{"line":152,"column":4},"end":{"line":152,"column":21}},"55":{"start":{"line":156,"column":48},"end":{"line":194,"column":1}},"56":{"start":{"line":160,"column":35},"end":{"line":190,"column":9}},"57":{"start":{"line":161,"column":29},"end":{"line":161,"column":78}},"58":{"start":{"line":161,"column":59},"end":{"line":161,"column":77}},"59":{"start":{"line":163,"column":6},"end":{"line":163,"column":45}},"60":{"start":{"line":163,"column":33},"end":{"line":163,"column":45}},"61":{"start":{"line":165,"column":6},"end":{"line":187,"column":7}},"62":{"start":{"line":166,"column":48},"end":{"line":166,"column":71}},"63":{"start":{"line":167,"column":27},"end":{"line":182,"column":13}},"64":{"start":{"line":168,"column":39},"end":{"line":170,"column":11}},"65":{"start":{"line":169,"column":19},"end":{"line":169,"column":37}},"66":{"start":{"line":172,"column":10},"end":{"line":172,"column":55}},"67":{"start":{"line":172,"column":43},"end":{"line":172,"column":55}},"68":{"start":{"line":174,"column":10},"end":{"line":180,"column":11}},"69":{"start":{"line":179,"column":12},"end":{"line":179,"column":38}},"70":{"start":{"line":181,"column":10},"end":{"line":181,"column":22}},"71":{"start":{"line":184,"column":8},"end":{"line":186,"column":9}},"72":{"start":{"line":185,"column":10},"end":{"line":185,"column":62}},"73":{"start":{"line":189,"column":6},"end":{"line":189,"column":55}},"74":{"start":{"line":192,"column":4},"end":{"line":192,"column":40}},"75":{"start":{"line":196,"column":29},"end":{"line":201,"column":1}},"76":{"start":{"line":207,"column":26},"end":{"line":207,"column":30}},"77":{"start":{"line":209,"column":2},"end":{"line":212,"column":3}},"78":{"start":{"line":210,"column":4},"end":{"line":210,"column":74}},"79":{"start":{"line":211,"column":4},"end":{"line":211,"column":17}},"80":{"start":{"line":214,"column":18},"end":{"line":214,"column":32}},"81":{"start":{"line":216,"column":2},"end":{"line":220,"column":3}},"82":{"start":{"line":217,"column":4},"end":{"line":217,"column":25}},"83":{"start":{"line":219,"column":4},"end":{"line":219,"column":68}},"84":{"start":{"line":221,"column":2},"end":{"line":221,"column":15}}},"fnMap":{"0":{"name":"(anonymous_0)","decl":{"start":{"line":25,"column":17},"end":{"line":25,"column":18}},"loc":{"start":{"line":25,"column":63},"end":{"line":29,"column":5}},"line":25},"1":{"name":"(anonymous_1)","decl":{"start":{"line":26,"column":29},"end":{"line":26,"column":30}},"loc":{"start":{"line":27,"column":8},"end":{"line":27,"column":44}},"line":27},"2":{"name":"(anonymous_2)","decl":{"start":{"line":30,"column":11},"end":{"line":30,"column":12}},"loc":{"start":{"line":30,"column":22},"end":{"line":32,"column":5}},"line":30},"3":{"name":"(anonymous_3)","decl":{"start":{"line":33,"column":20},"end":{"line":33,"column":21}},"loc":{"start":{"line":38,"column":9},"end":{"line":55,"column":5}},"line":38},"4":{"name":"(anonymous_4)","decl":{"start":{"line":57,"column":20},"end":{"line":57,"column":21}},"loc":{"start":{"line":62,"column":9},"end":{"line":79,"column":5}},"line":62},"5":{"name":"(anonymous_5)","decl":{"start":{"line":80,"column":16},"end":{"line":80,"column":17}},"loc":{"start":{"line":80,"column":58},"end":{"line":95,"column":5}},"line":80},"6":{"name":"(anonymous_6)","decl":{"start":{"line":101,"column":26},"end":{"line":101,"column":27}},"loc":{"start":{"line":101,"column":48},"end":{"line":101,"column":58}},"line":101},"7":{"name":"(anonymous_7)","decl":{"start":{"line":105,"column":2},"end":{"line":105,"column":3}},"loc":{"start":{"line":105,"column":12},"end":{"line":105,"column":22}},"line":105},"8":{"name":"(anonymous_8)","decl":{"start":{"line":110,"column":2},"end":{"line":110,"column":3}},"loc":{"start":{"line":110,"column":12},"end":{"line":110,"column":27}},"line":110},"9":{"name":"(anonymous_9)","decl":{"start":{"line":113,"column":71},"end":{"line":113,"column":72}},"loc":{"start":{"line":114,"column":2},"end":{"line":114,"column":26}},"line":114},"10":{"name":"(anonymous_10)","decl":{"start":{"line":120,"column":2},"end":{"line":120,"column":3}},"loc":{"start":{"line":121,"column":4},"end":{"line":121,"column":60}},"line":121},"11":{"name":"(anonymous_11)","decl":{"start":{"line":121,"column":18},"end":{"line":121,"column":19}},"loc":{"start":{"line":121,"column":32},"end":{"line":121,"column":59}},"line":121},"12":{"name":"(anonymous_12)","decl":{"start":{"line":127,"column":2},"end":{"line":127,"column":3}},"loc":{"start":{"line":127,"column":27},"end":{"line":135,"column":3}},"line":127},"13":{"name":"(anonymous_13)","decl":{"start":{"line":129,"column":6},"end":{"line":129,"column":7}},"loc":{"start":{"line":130,"column":9},"end":{"line":133,"column":30}},"line":130},"14":{"name":"(anonymous_14)","decl":{"start":{"line":140,"column":2},"end":{"line":140,"column":3}},"loc":{"start":{"line":140,"column":13},"end":{"line":140,"column":64}},"line":140},"15":{"name":"(anonymous_15)","decl":{"start":{"line":140,"column":26},"end":{"line":140,"column":27}},"loc":{"start":{"line":140,"column":42},"end":{"line":140,"column":60}},"line":140},"16":{"name":"(anonymous_16)","decl":{"start":{"line":146,"column":2},"end":{"line":146,"column":3}},"loc":{"start":{"line":146,"column":36},"end":{"line":153,"column":3}},"line":146},"17":{"name":"(anonymous_17)","decl":{"start":{"line":147,"column":39},"end":{"line":147,"column":40}},"loc":{"start":{"line":147,"column":55},"end":{"line":151,"column":5}},"line":147},"18":{"name":"(anonymous_18)","decl":{"start":{"line":148,"column":52},"end":{"line":148,"column":53}},"loc":{"start":{"line":148,"column":59},"end":{"line":148,"column":77}},"line":148},"19":{"name":"(anonymous_19)","decl":{"start":{"line":159,"column":2},"end":{"line":159,"column":3}},"loc":{"start":{"line":159,"column":36},"end":{"line":193,"column":3}},"line":159},"20":{"name":"(anonymous_20)","decl":{"start":{"line":160,"column":52},"end":{"line":160,"column":53}},"loc":{"start":{"line":160,"column":68},"end":{"line":190,"column":5}},"line":160},"21":{"name":"(anonymous_21)","decl":{"start":{"line":161,"column":52},"end":{"line":161,"column":53}},"loc":{"start":{"line":161,"column":59},"end":{"line":161,"column":77}},"line":161},"22":{"name":"(anonymous_22)","decl":{"start":{"line":167,"column":44},"end":{"line":167,"column":45}},"loc":{"start":{"line":167,"column":60},"end":{"line":182,"column":9}},"line":167},"23":{"name":"(anonymous_23)","decl":{"start":{"line":169,"column":12},"end":{"line":169,"column":13}},"loc":{"start":{"line":169,"column":19},"end":{"line":169,"column":37}},"line":169},"24":{"name":"addItemToCart","decl":{"start":{"line":206,"column":9},"end":{"line":206,"column":22}},"loc":{"start":{"line":206,"column":60},"end":{"line":222,"column":1}},"line":206}},"branchMap":{"0":{"loc":{"start":{"line":41,"column":6},"end":{"line":44,"column":7}},"type":"if","locations":[{"start":{"line":41,"column":6},"end":{"line":44,"column":7}},{"start":{},"end":{}}],"line":41},"1":{"loc":{"start":{"line":47,"column":6},"end":{"line":49,"column":7}},"type":"if","locations":[{"start":{"line":47,"column":6},"end":{"line":49,"column":7}},{"start":{},"end":{}}],"line":47},"2":{"loc":{"start":{"line":65,"column":6},"end":{"line":68,"column":7}},"type":"if","locations":[{"start":{"line":65,"column":6},"end":{"line":68,"column":7}},{"start":{},"end":{}}],"line":65},"3":{"loc":{"start":{"line":71,"column":6},"end":{"line":73,"column":7}},"type":"if","locations":[{"start":{"line":71,"column":6},"end":{"line":73,"column":7}},{"start":{},"end":{}}],"line":71},"4":{"loc":{"start":{"line":83,"column":6},"end":{"line":86,"column":7}},"type":"if","locations":[{"start":{"line":83,"column":6},"end":{"line":86,"column":7}},{"start":{},"end":{}}],"line":83},"5":{"loc":{"start":{"line":90,"column":6},"end":{"line":92,"column":7}},"type":"if","locations":[{"start":{"line":90,"column":6},"end":{"line":92,"column":7}},{"start":{},"end":{}}],"line":90},"6":{"loc":{"start":{"line":149,"column":6},"end":{"line":149,"column":45}},"type":"if","locations":[{"start":{"line":149,"column":6},"end":{"line":149,"column":45}},{"start":{},"end":{}}],"line":149},"7":{"loc":{"start":{"line":163,"column":6},"end":{"line":163,"column":45}},"type":"if","locations":[{"start":{"line":163,"column":6},"end":{"line":163,"column":45}},{"start":{},"end":{}}],"line":163},"8":{"loc":{"start":{"line":165,"column":6},"end":{"line":187,"column":7}},"type":"if","locations":[{"start":{"line":165,"column":6},"end":{"line":187,"column":7}},{"start":{},"end":{}}],"line":165},"9":{"loc":{"start":{"line":172,"column":10},"end":{"line":172,"column":55}},"type":"if","locations":[{"start":{"line":172,"column":10},"end":{"line":172,"column":55}},{"start":{},"end":{}}],"line":172},"10":{"loc":{"start":{"line":174,"column":10},"end":{"line":180,"column":11}},"type":"if","locations":[{"start":{"line":174,"column":10},"end":{"line":180,"column":11}},{"start":{},"end":{}}],"line":174},"11":{"loc":{"start":{"line":175,"column":12},"end":{"line":177,"column":57}},"type":"binary-expr","locations":[{"start":{"line":175,"column":12},"end":{"line":176,"column":41}},{"start":{"line":177,"column":12},"end":{"line":177,"column":57}}],"line":175},"12":{"loc":{"start":{"line":184,"column":8},"end":{"line":186,"column":9}},"type":"if","locations":[{"start":{"line":184,"column":8},"end":{"line":186,"column":9}},{"start":{},"end":{}}],"line":184},"13":{"loc":{"start":{"line":209,"column":2},"end":{"line":212,"column":3}},"type":"if","locations":[{"start":{"line":209,"column":2},"end":{"line":212,"column":3}},{"start":{},"end":{}}],"line":209},"14":{"loc":{"start":{"line":216,"column":2},"end":{"line":220,"column":3}},"type":"if","locations":[{"start":{"line":216,"column":2},"end":{"line":220,"column":3}},{"start":{"line":218,"column":9},"end":{"line":220,"column":3}}],"line":216}},"s":{"0":0,"1":0,"2":0,"3":0,"4":0,"5":0,"6":0,"7":0,"8":0,"9":0,"10":0,"11":0,"12":0,"13":0,"14":0,"15":0,"16":0,"17":0,"18":0,"19":0,"20":0,"21":0,"22":0,"23":0,"24":0,"25":0,"26":0,"27":0,"28":0,"29":0,"30":0,"31":0,"32":0,"33":0,"34":0,"35":0,"36":0,"37":0,"38":0,"39":0,"40":0,"41":0,"42":0,"43":0,"44":0,"45":0,"46":0,"47":0,"48":0,"49":0,"50":0,"51":0,"52":0,"53":0,"54":0,"55":0,"56":0,"57":0,"58":0,"59":0,"60":0,"61":0,"62":0,"63":0,"64":0,"65":0,"66":0,"67":0,"68":0,"69":0,"70":0,"71":0,"72":0,"73":0,"74":0,"75":0,"76":0,"77":0,"78":0,"79":0,"80":0,"81":0,"82":0,"83":0,"84":0},"f":{"0":0,"1":0,"2":0,"3":0,"4":0,"5":0,"6":0,"7":0,"8":0,"9":0,"10":0,"11":0,"12":0,"13":0,"14":0,"15":0,"16":0,"17":0,"18":0,"19":0,"20":0,"21":0,"22":0,"23":0,"24":0},"b":{"0":[0,0],"1":[0,0],"2":[0,0],"3":[0,0],"4":[0,0],"5":[0,0],"6":[0,0],"7":[0,0],"8":[0,0],"9":[0,0],"10":[0,0],"11":[0,0],"12":[0,0],"13":[0,0],"14":[0,0]}}
,"/Users/eyalazran/dev/tights-app/src/features/Checkout/CheckoutForm.tsx": {"path":"/Users/eyalazran/dev/tights-app/src/features/Checkout/CheckoutForm.tsx","statementMap":{"0":{"start":{"line":20,"column":57},"end":{"line":175,"column":1}},"1":{"start":{"line":21,"column":19},"end":{"line":21,"column":35}},"2":{"start":{"line":22,"column":23},"end":{"line":22,"column":53}},"3":{"start":{"line":23,"column":26},"end":{"line":23,"column":63}},"4":{"start":{"line":24,"column":33},"end":{"line":26,"column":3}},"5":{"start":{"line":32,"column":6},"end":{"line":32,"column":21}},"6":{"start":{"line":34,"column":40},"end":{"line":34,"column":64}},"7":{"start":{"line":35,"column":18},"end":{"line":35,"column":30}},"8":{"start":{"line":37,"column":17},"end":{"line":48,"column":4}},"9":{"start":{"line":50,"column":2},"end":{"line":53,"column":29}},"10":{"start":{"line":51,"column":29},"end":{"line":51,"column":58}},"11":{"start":{"line":52,"column":4},"end":{"line":52,"column":59}},"12":{"start":{"line":55,"column":2},"end":{"line":174,"column":4}},"13":{"start":{"line":63,"column":10},"end":{"line":67,"column":11}},"14":{"start":{"line":77,"column":10},"end":{"line":81,"column":11}},"15":{"start":{"line":91,"column":10},"end":{"line":95,"column":11}},"16":{"start":{"line":105,"column":10},"end":{"line":109,"column":11}},"17":{"start":{"line":119,"column":31},"end":{"line":119,"column":44}},"18":{"start":{"line":120,"column":31},"end":{"line":120,"column":44}},"19":{"start":{"line":126,"column":10},"end":{"line":126,"column":71}},"20":{"start":{"line":126,"column":64},"end":{"line":126,"column":71}},"21":{"start":{"line":127,"column":10},"end":{"line":131,"column":12}},"22":{"start":{"line":142,"column":10},"end":{"line":146,"column":11}},"23":{"start":{"line":153,"column":10},"end":{"line":153,"column":52}},"24":{"start":{"line":154,"column":10},"end":{"line":163,"column":11}},"25":{"start":{"line":155,"column":12},"end":{"line":162,"column":13}},"26":{"start":{"line":156,"column":34},"end":{"line":156,"column":66}},"27":{"start":{"line":157,"column":14},"end":{"line":157,"column":44}},"28":{"start":{"line":158,"column":14},"end":{"line":158,"column":50}},"29":{"start":{"line":159,"column":14},"end":{"line":159,"column":63}},"30":{"start":{"line":161,"column":14},"end":{"line":161,"column":37}},"31":{"start":{"line":177,"column":16},"end":{"line":212,"column":1}}},"fnMap":{"0":{"name":"(anonymous_0)","decl":{"start":{"line":20,"column":57},"end":{"line":20,"column":58}},"loc":{"start":{"line":20,"column":68},"end":{"line":175,"column":1}},"line":20},"1":{"name":"(anonymous_1)","decl":{"start":{"line":50,"column":12},"end":{"line":50,"column":13}},"loc":{"start":{"line":50,"column":18},"end":{"line":53,"column":3}},"line":50},"2":{"name":"(anonymous_2)","decl":{"start":{"line":62,"column":18},"end":{"line":62,"column":19}},"loc":{"start":{"line":63,"column":10},"end":{"line":67,"column":11}},"line":63},"3":{"name":"(anonymous_3)","decl":{"start":{"line":76,"column":18},"end":{"line":76,"column":19}},"loc":{"start":{"line":77,"column":10},"end":{"line":81,"column":11}},"line":77},"4":{"name":"(anonymous_4)","decl":{"start":{"line":90,"column":18},"end":{"line":90,"column":19}},"loc":{"start":{"line":91,"column":10},"end":{"line":95,"column":11}},"line":91},"5":{"name":"(anonymous_5)","decl":{"start":{"line":104,"column":18},"end":{"line":104,"column":19}},"loc":{"start":{"line":105,"column":10},"end":{"line":109,"column":11}},"line":105},"6":{"name":"(anonymous_6)","decl":{"start":{"line":119,"column":24},"end":{"line":119,"column":25}},"loc":{"start":{"line":119,"column":31},"end":{"line":119,"column":44}},"line":119},"7":{"name":"(anonymous_7)","decl":{"start":{"line":120,"column":24},"end":{"line":120,"column":25}},"loc":{"start":{"line":120,"column":31},"end":{"line":120,"column":44}},"line":120},"8":{"name":"(anonymous_8)","decl":{"start":{"line":125,"column":18},"end":{"line":125,"column":19}},"loc":{"start":{"line":125,"column":41},"end":{"line":132,"column":9}},"line":125},"9":{"name":"(anonymous_9)","decl":{"start":{"line":141,"column":18},"end":{"line":141,"column":19}},"loc":{"start":{"line":142,"column":10},"end":{"line":146,"column":11}},"line":142},"10":{"name":"(anonymous_10)","decl":{"start":{"line":152,"column":17},"end":{"line":152,"column":18}},"loc":{"start":{"line":152,"column":29},"end":{"line":164,"column":9}},"line":152}},"branchMap":{"0":{"loc":{"start":{"line":52,"column":19},"end":{"line":52,"column":57}},"type":"cond-expr","locations":[{"start":{"line":52,"column":45},"end":{"line":52,"column":50}},{"start":{"line":52,"column":53},"end":{"line":52,"column":57}}],"line":52},"1":{"loc":{"start":{"line":117,"column":22},"end":{"line":117,"column":66}},"type":"binary-expr","locations":[{"start":{"line":117,"column":22},"end":{"line":117,"column":44}},{"start":{"line":117,"column":48},"end":{"line":117,"column":66}}],"line":117},"2":{"loc":{"start":{"line":126,"column":10},"end":{"line":126,"column":71}},"type":"if","locations":[{"start":{"line":126,"column":10},"end":{"line":126,"column":71}},{"start":{},"end":{}}],"line":126},"3":{"loc":{"start":{"line":126,"column":14},"end":{"line":126,"column":62}},"type":"binary-expr","locations":[{"start":{"line":126,"column":14},"end":{"line":126,"column":33}},{"start":{"line":126,"column":37},"end":{"line":126,"column":62}}],"line":126},"4":{"loc":{"start":{"line":154,"column":10},"end":{"line":163,"column":11}},"type":"if","locations":[{"start":{"line":154,"column":10},"end":{"line":163,"column":11}},{"start":{},"end":{}}],"line":154},"5":{"loc":{"start":{"line":166,"column":10},"end":{"line":166
[...]
,"/Users/eyalazran/dev/tights-app/src/utils/classNameInterface.ts": {"path":"/Users/eyalazran/dev/tights-app/src/utils/classNameInterface.ts","statementMap":{},"fnMap":{},"branchMap":{},"s":{},"f":{},"b":{}}
,"/Users/eyalazran/dev/tights-app/src/utils/device.sizes.ts": {"path":"/Users/eyalazran/dev/tights-app/src/utils/device.sizes.ts","statementMap":{"0":{"start":{"line":1,"column":22},"end":{"line":4,"column":1}}},"fnMap":{},"branchMap":{},"s":{"0":0},"f":{},"b":{}}
,"/Users/eyalazran/dev/tights-app/src/utils/ValueLabelColorItem/ValueLableColorItem.ts": {"path":"/Users/eyalazran/dev/tights-app/src/utils/ValueLabelColorItem/ValueLableColorItem.ts","statementMap":{"0":{"start":{"line":11,"column":4},"end":{"line":11,"column":43}},"1":{"start":{"line":17,"column":4},"end":{"line":17,"column":46}},"2":{"start":{"line":21,"column":4},"end":{"line":21,"column":28}},"3":{"start":{"line":25,"column":4},"end":{"line":25,"column":28}},"4":{"start":{"line":29,"column":4},"end":{"line":29,"column":31}}},"fnMap":{"0":{"name":"(anonymous_0)","decl":{"start":{"line":10,"column":2},"end":{"line":10,"column":3}},"loc":{"start":{"line":10,"column":55},"end":{"line":12,"column":3}},"line":10},"1":{"name":"(anonymous_1)","decl":{"start":{"line":14,"column":2},"end":{"line":14,"column":3}},"loc":{"start":{"line":16,"column":34},"end":{"line":18,"column":3}},"line":16},"2":{"name":"(anonymous_2)","decl":{"start":{"line":20,"column":2},"end":{"line":20,"column":3}},"loc":{"start":{"line":20,"column":20},"end":{"line":22,"column":3}},"line":20},"3":{"name":"(anonymous_3)","decl":{"start":{"line":24,"column":2},"end":{"line":24,"column":3}},"loc":{"start":{"line":24,"column":20},"end":{"line":26,"column":3}},"line":24},"4":{"name":"(anonymous_4)","decl":{"start":{"line":28,"column":2},"end":{"line":28,"column":3}},"loc":{"start":{"line":28,"column":23},"end":{"line":30,"column":3}},"line":28}},"branchMap":{},"s":{"0":0,"1":0,"2":0,"3":0,"4":0},"f":{"0":0,"1":0,"2":0,"3":0,"4":0},"b":{}}
,"/Users/eyalazran/dev/tights-app/src/utils/ValueLabelItem/ValueLableItem.ts": {"path":"/Users/eyalazran/dev/tights-app/src/utils/ValueLabelItem/ValueLableItem.ts","statementMap":{"0":{"start":{"line":10,"column":4},"end":{"line":10,"column":43}},"1":{"start":{"line":14,"column":4},"end":{"line":14,"column":76}},"2":{"start":{"line":14,"column":35},"end":{"line":14,"column":76}},"3":{"start":{"line":15,"column":4},"end":{"line":15,"column":41}},"4":{"start":{"line":19,"column":4},"end":{"line":19,"column":58}},"5":{"start":{"line":23,"column":4},"end":{"line":23,"column":28}},"6":{"start":{"line":27,"column":4},"end":{"line":27,"column":28}}},"fnMap":{"0":{"name":"(anonymous_0)","decl":{"start":{"line":9,"column":2},"end":{"line":9,"column":3}},"loc":{"start":{"line":9,"column":50},"end":{"line":11,"column":3}},"line":9},"1":{"name":"(anonymous_1)","decl":{"start":{"line":13,"column":2},"end":{"line":13,"column":3}},"loc":{"start":{"line":13,"column":76},"end":{"line":16,"column":3}},"line":13},"2":{"name":"(anonymous_2)","decl":{"start":{"line":18,"column":2},"end":{"line":18,"column":3}},"loc":{"start":{"line":18,"column":43},"end":{"line":20,"column":3}},"line":18},"3":{"name":"(anonymous_3)","decl":{"start":{"line":22,"column":2},"end":{"line":22,"column":3}},"loc":{"start":{"line":22,"column":20},"end":{"line":24,"column":3}},"line":22},"4":{"name":"(anonymous_4)","decl":{"start":{"line":26,"column":2},"end":{"line":26,"column":3}},"loc":{"start":{"line":26,"column":20},"end":{"line":28,"column":3}},"line":26}},"branchMap":{"0":{"loc":{"start":{"line":14,"column":4},"end":{"line":14,"column":76}},"type":"if","locations":[{"start":{"line":14,"column":4},"end":{"line":14,"column":76}},{"start":{},"end":{}}],"line":14},"1":{"loc":{"start":{"line":19,"column":11},"end":{"line":19,"column":57}},"type":"binary-expr","locations":[{"start":{"line":19,"column":11},"end":{"line":19,"column":32}},{"start":{"line":19,"column":36},"end":{"line":19,"column":57}}],"line":19}},"s":{"0":0,"1":0,"2":0,"3":0,"4":0,"5":0,"6":0},"f":{"0":0,"1":0,"2":0,"3":0,"4":0},"b":{"0":[0,0],"1":[0,0]}}
,"/Users/eyalazran/dev/tights-app/src/utils/ValueLabelSet/ValueLableSet.ts": {"path":"/Users/eyalazran/dev/tights-app/src/utils/ValueLabelSet/ValueLableSet.ts","statementMap":{"0":{"start":{"line":11,"column":20},"end":{"line":11,"column":38}},"1":{"start":{"line":12,"column":4},"end":{"line":12,"column":60}},"2":{"start":{"line":12,"column":18},"end":{"line":12,"column":60}},"3":{"start":{"line":13,"column":4},"end":{"line":13,"column":39}},"4":{"start":{"line":17,"column":16},"end":{"line":17,"column":37}},"5":{"start":{"line":18,"column":4},"end":{"line":20,"column":7}},"6":{"start":{"line":19,"column":6},"end":{"line":19,"column":37}},"7":{"start":{"line":21,"column":32},"end":{"line":21,"column":56}},"8":{"start":{"line":22,"column":4},"end":{"line":22,"column":31}},"9":{"start":{"line":26,"column":17},"end":{"line":26,"column":62}},"10":{"start":{"line":26,"column":39},"end":{"line":26,"column":61}},"11":{"start":{"line":27,"column":4},"end":{"line":27,"column":69}},"12":{"start":{"line":27,"column":21},"end":{"line":27,"column":69}},"13":{"start":{"line":28,"column":14},"end":{"line":28,"column":18}},"14":{"start":{"line":30,"column":4},"end":{"line":30,"column":20}},"15":{"start":{"line":34,"column":17},"end":{"line":34,"column":43}},"16":{"start":{"line":35,"column":4},"end":{"line":35,"column":49}},"17":{"start":{"line":35,"column":23},"end":{"line":35,"column":49}},"18":{"start":{"line":36,"column":4},"end":{"line":36,"column":39}},"19":{"start":{"line":40,"column":4},"end":{"line":40,"column":40}},"20":{"start":{"line":44,"column":4},"end":{"line":44,"column":21}},"21":{"start":{"line":48,"column":4},"end":{"line":48,"column":28}}},"fnMap":{"0":{"name":"(anonymous_0)","decl":{"start":{"line":6,"column":2},"end":{"line":6,"column":3}},"loc":{"start":{"line":6,"column":44},"end":{"line":6,"column":46}},"line":6},"1":{"name":"(anonymous_1)","decl":{"start":{"line":8,"column":2},"end":{"line":8,"column":3}},"loc":{"start":{"line":10,"column":31},"end":{"line":14,"column":3}},"line":10},"2":{"name":"(anonymous_2)","decl":{"start":{"line":16,"column":2},"end":{"line":16,"column":3}},"loc":{"start":{"line":16,"column":71},"end":{"line":23,"column":3}},"line":16},"3":{"name":"(anonymous_3)","decl":{"start":{"line":18,"column":17},"end":{"line":18,"column":18}},"loc":{"start":{"line":18,"column":27},"end":{"line":20,"column":5}},"line":18},"4":{"name":"(anonymous_4)","decl":{"start":{"line":25,"column":2},"end":{"line":25,"column":3}},"loc":{"start":{"line":25,"column":55},"end":{"line":31,"column":3}},"line":25},"5":{"name":"(anonymous_5)","decl":{"start":{"line":26,"column":32},"end":{"line":26,"column":33}},"loc":{"start":{"line":26,"column":39},"end":{"line":26,"column":61}},"line":26},"6":{"name":"(anonymous_6)","decl":{"start":{"line":33,"column":2},"end":{"line":33,"column":3}},"loc":{"start":{"line":33,"column":59},"end":{"line":37,"column":3}},"line":33},"7":{"name":"(anonymous_7)","decl":{"start":{"line":39,"column":2},"end":{"line":39,"column":3}},"loc":{"start":{"line":39,"column":43},"end":{"line":41,"column":3}},"line":39},"8":{"name":"(anonymous_8)","decl":{"start":{"line":43,"column":2},"end":{"line":43,"column":3}},"loc":{"start":{"line":43,"column":27},"end":{"line":45,"column":3}},"line":43},"9":{"name":"(anonymous_9)","decl":{"start":{"line":47,"column":2},"end":{"line":47,"column":3}},"loc":{"start":{"line":47,"column":16},"end":{"line":49,"column":3}},"line":47}},"branchMap":{"0":{"loc":{"start":{"line":12,"column":4},"end":{"line":12,"column":60}},"type":"if","locations":[{"start":{"line":12,"column":4},"end":{"line":12,"column":60}},{"start":{},"end":{}}],"line":12},"1":{"loc":{"start":{"line":27,"column":4},"end":{"line":27,"column":69}},"type":"if","locations":[{"start":{"line":27,"column":4},"end":{"line":27,"column":69}},{"start":{},"end":{}}],"line":27},"2":{"loc":{"start":{"line":35,"column":4},"end":{"line":35,"column":49}},"type":"if","locations":[{"start":{"line":35,"column":4},"end":{"line":35,"column":49}},{"start":{},"end":{}}],"line":35}},"s":{"0":0,"1":0,"2":0,"3":0,"4":0,"5":0,"6":0,"7":0,"8":0,"9":0,"10":0,"11":0,"12":0,"13":0,"14":0,"15":0,"16":0,"17":0,"18":0,"19":0,"20":0,"21":0},"f":{"0":0,"1":0,"2":0,"3":0,"4":0,"5":0,"6":0,"7":0,"8":0,"9":0},"b":{"0":[0,0],"1":[0,0],"2":[0,0]}}
,"/Users/eyalazran/dev/tights-app/src/utils/catalog-generator/catalog.ts": {"path":"/Users/eyalazran/dev/tights-app/src/utils/catalog-generator/catalog.ts","statementMap":{"0":{"start":{"line":5,"column":34},"end":{"line":238,"column":1}}},"fnMap":{},"branchMap":{},"s":{"0":0},"f":{},"b":{}}
,"/Users/eyalazran/dev/tights-app/src/utils/catalog-generator/constants/DescriptionConstants.ts": {"path":"/Users/eyalazran/dev/tights-app/src/utils/catalog-generator/constants/DescriptionConstants.ts","statementMap":{"0":{"start":{"line":2,"column":25},"end":{"line":2,"column":47}},"1":{"start":{"line":3,"column":30},"end":{"line":3,"column":65}},"2":{"start":{"line":4,"column":28},"end":{"line":4,"column":54}},"3":{"start":{"line":5,"column":23},"end":{"line":5,"column":34}}},"fnMap":{},"branchMap":{},"s":{"0":0,"1":0,"2":0,"3":0},"f":{},"b":{}}
,"/Users/eyalazran/dev/tights-app/src/utils/catalog-generator/constants/DiscountConstants.ts": {"path":"/Users/eyalazran/dev/tights-app/src/utils/catalog-generator/constants/DiscountConstants.ts","statementMap":{"0":{"start":{"line":6,"column":41},"end":{"line":8,"column":3}},"1":{"start":{"line":10,"column":53},"end":{"line":16,"column":3}},"2":{"start":{"line":18,"column":50},"end":{"line":22,"column":3}},"3":{"start":{"line":24,"column":50},"end":{"line":28,"column":3}},"4":{"start":{"line":30,"column":50},"end":{"line":34,"column":3}},"5":{"start":{"line":36,"column":57},"end":{"line":39,"column":3}},"6":{"start":{"line":41,"column":57},"end":{"line":44,"column":3}},"7":{"start":{"line":46,"column":60},"end":{"line":49,"column":3}}},"fnMap":{},"branchMap":{},"s":{"0":0,"1":0,"2":0,"3":0,"4":0,"5":0,"6":0,"7":0},"f":{},"b":{}}
,"/Users/eyalazran/dev/tights-app/src/utils/catalog-generator/constants/FeaturedProductsConstants.ts": {"path":"/Users/eyalazran/dev/tights-app/src/utils/catalog-generator/constants/FeaturedProductsConstants.ts","statementMap":{"0":{"start":{"line":7,"column":54},"end":{"line":28,"column":3}}},"fnMap":{},"branchMap":{},"s":{"0":0},"f":{},"b":{}}
,"/Users/eyalazran/dev/tights-app/src/utils/catalog-generator/constants/ImageConstants.ts": {"path":"/Users/eyalazran/dev/tights-app/src/utils/catalog-generator/constants/ImageConstants.ts","statementMap":{"0":{"start":{"line":12,"column":26},"end":{"line":12,"column":40}},"1":{"start":{"line":13,"column":32},"end":{"line":13,"column":46}},"2":{"start":{"line":14,"column":35},"end":{"line":14,"column":53}},"3":{"start":{"line":15,"column":32},"end":{"line":15,"column":46}},"4":{"start":{"line":16,"column":31},"end":{"line":16,"column":44}},"5":{"start":{"line":17,"column":35},"end":{"line":17,"column":52}},"6":{"start":{"line":18,"column":32},"end":{"line":18,"column":46}},"7":{"start":{"line":19,"column":35},"end":{"line":19,"column":53}},"8":{"start":{"line":20,"column":37},"end":{"line":20,"column":57}},"9":{"start":{"line":21,"column":32},"end":{"line":21,"column":46}}},"fnMap":{},"branchMap":{},"s":{"0":0,"1":0,"2":0,"3":0,"4":0,"5":0,"6":0,"7":0,"8":0,"9":0},"f":{},"b":{}}
,"/Users/eyalazran/dev/tights-app/src/utils/catalog-generator/constants/LaceConstants.ts": {"path":"/Users/eyalazran/dev/tights-app/src/utils/catalog-generator/constants/LaceConstants.ts","statementMap":{"0":{"start":{"line":4,"column":44},"end":{"line":4,"column":59}},"1":{"start":{"line":5,"column":51},"end":{"line":5,"column":73}}},"fnMap":{},"branchMap":{},"s":{"0":0,"1":0},"f":{},"b":{}}
,"/Users/eyalazran/dev/tights-app/src/utils/catalog-generator/constants/LegConstants.ts": {"path":"/Users/eyalazran/dev/tights-app/src/utils/catalog-generator/constants/LegConstants.ts","statementMap":{"0":{"start":{"line":4,"column":46},"end":{"line":4,"column":65}},"1":{"start":{"line":5,"column":49},"end":{"line":5,"column":71}}},"fnMap":{},"branchMap":{},"s":{"0":0,"1":0},"f":{},"b":{}}
,"/Users/eyalazran/dev/tights-app/src/utils/catalog-generator/constants/ProductConstants.ts": {"path":"/Users/eyalazran/dev/tights-app/src/utils/catalog-generator/constants/ProductConstants.ts","statementMap":{"0":{"start":{"line":27,"column":27},"end":{"line":31,"column":3}},"1":{"start":{"line":33,"column":36},"end":{"line":38,"column":3}},"2":{"start":{"line":40,"column":46},"end":{"line":43,"column":3}},"3":{"start":{"line":45,"column":57},"end":{"line":51,"column":3}},"4":{"start":{"line":53,"column":58},"end":{"line":59,"column":3}},"5":{"start":{"line":61,"column":49},"end":{"line":64,"column":3}},"6":{"start":{"line":66,"column":60},"end":{"line":72,"column":3}},"7":{"start":{"line":74,"column":61},"end":{"line":80,"column":3}},"8":{"start":{"line":84,"column":36},"end":{"line":89,"column":3}},"9":{"start":{"line":91,"column":46},"end":{"line":94,"column":3}},"10":{"start":{"line":96,"column":55},"end":{"line":102,"column":3}},"11":{"start":{"line":104,"column":49},"end":{"line":107,"column":3}},"12":{"start":{"line":109,"column":58},"end":{"line":115,"column":3}},"13":{"start":{"line":119,"column":35},"end":{"line":124,"column":3}},"14":{"start":{"line":126,"column":41},"end":{"line":129,"column":3}},"15":{"start":{"line":131,"column":55},"end":{"line":137,"column":3}},"16":{"start":{"line":139,"column":57},"end":{"line":145,"column":3}},"17":{"start":{"line":147,"column":58},"end":{"line":153,"column":3}},"18":{"start":{"line":157,"column":48},"end":{"line":160,"column":3}},"19":{"start":{"line":162,"column":63},"end":{"line":168,"column":3}},"20":{"start":{"line":170,"column":65},"end":{"line":176,"column":3}},"21":{"start":{"line":180,"column":35},"end":{"line":185,"column":3}},"22":{"start":{"line":187,"column":41},"end":{"line":190,"column":3}},"23":{"start":{"line":192,"column":55},"end":{"line":198,"column":3}},"24":{"start":{"line":200,"column":57},"end":{"line":206,"column":3}},"25":{"start":{"line":208,"column":58},"end":{"line":214,"column":3}},"26":{"start":{"line":218,"column":48},"end":{"line":221,"column":3}},"27":{"start":{"line":223,"column":63},"end":{"line":229,"column":3}},"28":{"start":{"line":231,"column":65},"end":{"line":237,"column":3}},"29":{"start":{"line":239,"column":65},"end":{"line":245,"column":3}},"30":{"start":{"line":249,"column":29},"end":{"line":258,"column":3}},"31":{"start":{"line":260,"column":46},"end":{"line":263,"column":3}},"32":{"start":{"line":265,"column":53},"end":{"line":268,"column":3}}},"fnMap":{},"branchMap":{},"s":{"0":0,"1":0,"2":0,"3":0,"4":0,"5":0,"6":0,"7":0,"8":0,"9":0,"10":0,"11":0,"12":0,"13":0,"14":0,"15":0,"16":0,"17":0,"18":0,"19":0,"20":0,"21":0,"22":0,"23":0,"24":0,"25":0,"26":0,"27":0,"28":0,"29":0,"30":0,"31":0,"32":0},"f":{},"b":{}}
,"/Users/eyalazran/dev/tights-app/src/utils/catalog-generator/constants/SizeConstants.ts": {"path":"/Users/eyalazran/dev/tights-app/src/utils/catalog-generator/constants/SizeConstants.ts","statementMap":{"0":{"start":{"line":4,"column":48},"end":{"line":4,"column":67}},"1":{"start":{"line":5,"column":53},"end":{"line":5,"column":75}},"2":{"start":{"line":6,"column":50},"end":{"line":6,"column":66}},"3":{"start":{"line":7,"column":51},"end":{"line":7,"column":71}},"4":{"start":{"line":8,"column":53},"end":{"line":8,"column":74}},"5":{"start":{"line":9,"column":54},"end":{"line":9,"column":76}},"6":{"start":{"line":10,"column":52},"end":{"line":10,"column":76}},"7":{"start":{"line":11,"column":54},"end":{"line":11,"column":76}}},"fnMap":{},"branchMap":{},"s":{"0":0,"1":0,"2":0,"3":0,"4":0,"5":0,"6":0,"7":0},"f":{},"b":{}}
,"/Users/eyalazran/dev/tights-app/src/utils/catalog-generator/constants/SlugConstants.ts": {"path":"/Users/eyalazran/dev/tights-app/src/utils/catalog-generator/constants/SlugConstants.ts","statementMap":{"0":{"start":{"line":2,"column":25},"end":{"line":2,"column":34}},"1":{"start":{"line":3,"column":28},"end":{"line":3,"column":39}},"2":{"start":{"line":4,"column":30},"end":{"line":4,"column":43}},"3":{"start":{"line":5,"column":23},"end":{"line":5,"column":29}}},"fnMap":{},"branchMap":{},"s":{"0":0,"1":0,"2":0,"3":0},"f":{},"b":{}}
,"/Users/eyalazran/dev/tights-app/src/utils/pickup-generator/pickupGenerator.ts": {"path":"/Users/eyalazran/dev/tights-app/src/utils/pickup-generator/pickupGenerator.ts","statementMap":{"0":{"start":{"line":3,"column":41},"end":{"line":31,"column":1}}},"fnMap":{},"branchMap":{},"s":{"0":0},"f":{},"b":{}}
,"/Users/eyalazran/dev/tights-app/src/utils/valueLabel/ValueLabel.ts": {"path":"/Users/eyalazran/dev/tights-app/src/utils/valueLabel/ValueLabel.ts","statementMap":{},"fnMap":{},"branchMap":{},"s":{},"f":{},"b":{}}
,"/Users/eyalazran/dev/tights-app/src/utils/valueLabel/ValueLableSetOld.ts": {"path":"/Users/eyalazran/dev/tights-app/src/utils/valueLabel/ValueLableSetOld.ts","statementMap":{"0":{"start":{"line":5,"column":35},"end":{"line":5,"column":58}},"1":{"start":{"line":8,"column":4},"end":{"line":12,"column":7}},"2":{"start":{"line":9,"column":18},"end":{"line":9,"column":31}},"3":{"start":{"line":10,"column":20},"end":{"line":10,"column":33}},"4":{"start":{"line":11,"column":6},"end":{"line":11,"column":31}},"5":{"start":{"line":16,"column":4},"end":{"line":16,"column":31}},"6":{"start":{"line":20,"column":18},"end":{"line":20,"column":37}},"7":{"start":{"line":21,"column":4},"end":{"line":21,"column":70}},"8":{"start":{"line":21,"column":22},"end":{"line":21,"column":70}},"9":{"start":{"line":22,"column":4},"end":{"line":25,"column":6}},"10":{"start":{"line":29,"column":4},"end":{"line":29,"column":21}}},"fnMap":{"0":{"name":"(anonymous_0)","decl":{"start":{"line":7,"column":2},"end":{"line":7,"column":3}},"loc":{"start":{"line":7,"column":56},"end":{"line":13,"column":3}},"line":7},"1":{"name":"(anonymous_1)","decl":{"start":{"line":8,"column":22},"end":{"line":8,"column":23}},"loc":{"start":{"line":8,"column":35},"end":{"line":12,"column":5}},"line":8},"2":{"name":"(anonymous_2)","decl":{"start":{"line":15,"column":2},"end":{"line":15,"column":3}},"loc":{"start":{"line":15,"column":41},"end":{"line":17,"column":3}},"line":15},"3":{"name":"(anonymous_3)","decl":{"start":{"line":19,"column":2},"end":{"line":19,"column":3}},"loc":{"start":{"line":19,"column":60},"end":{"line":26,"column":3}},"line":19},"4":{"name":"(anonymous_4)","decl":{"start":{"line":28,"column":2},"end":{"line":28,"column":3}},"loc":{"start":{"line":28,"column":47},"end":{"line":30,"column":3}},"line":28}},"branchMap":{"0":{"loc":{"start":{"line":21,"column":4},"end":{"line":21,"column":70}},"type":"if","locations":[{"start":{"line":21,"column":4},"end":{"line":21,"column":70}},{"start":{},"end":{}}],"line":21}},"s":{"0":0,"1":0,"2":0,"3":0,"4":0,"5":0,"6":0,"7":0,"8":0,"9":0,"10":0},"f":{"0":0,"1":0,"2":0,"3":0,"4":0},"b":{"0":[0,0]}}
,"/Users/eyalazran/dev/tights-app/src/utils/valueLabel/selectByValue.ts": {"path":"/Users/eyalazran/dev/tights-app/src/utils/valueLabel/selectByValue.ts","statementMap":{"0":{"start":{"line":7,"column":2},"end":{"line":7,"column":45}},"1":{"start":{"line":7,"column":25},"end":{"line":7,"column":42}}},"fnMap":{"0":{"name":"selectByValue","decl":{"start":{"line":3,"column":16},"end":{"line":3,"column":29}},"loc":{"start":{"line":6,"column":5},"end":{"line":8,"column":1}},"line":6},"1":{"name":"(anonymous_1)","decl":{"start":{"line":7,"column":18},"end":{"line":7,"column":19}},"loc":{"start":{"line":7,"column":25},"end":{"line":7,"column":42}},"line":7}},"branchMap":{},"s":{"0":0,"1":0},"f":{"0":0,"1":0},"b":{}}
}
